{"C:\\Users\\ibs13\\Programming\\banner-fulltack-node-react-ts\\server\\dist\\server.js": {"path":"C:\\Users\\ibs13\\Programming\\banner-fulltack-node-react-ts\\server\\dist\\server.js","statementMap":{"0":{"start":{"line":2,"column":22},"end":{"line":4,"column":1}},"1":{"start":{"line":3,"column":4},"end":{"line":3,"column":62}},"2":{"start":{"line":5,"column":0},"end":{"line":5,"column":62}},"3":{"start":{"line":6,"column":0},"end":{"line":6,"column":21}},"4":{"start":{"line":7,"column":24},"end":{"line":7,"column":65}},"5":{"start":{"line":8,"column":18},"end":{"line":8,"column":53}},"6":{"start":{"line":9,"column":17},"end":{"line":9,"column":51}},"7":{"start":{"line":10,"column":15},"end":{"line":10,"column":47}},"8":{"start":{"line":11,"column":17},"end":{"line":11,"column":51}},"9":{"start":{"line":12,"column":17},"end":{"line":12,"column":51}},"10":{"start":{"line":13,"column":29},"end":{"line":13,"column":75}},"11":{"start":{"line":14,"column":0},"end":{"line":14,"column":26}},"12":{"start":{"line":15,"column":21},"end":{"line":15,"column":68}},"13":{"start":{"line":16,"column":25},"end":{"line":16,"column":77}},"14":{"start":{"line":17,"column":24},"end":{"line":17,"column":74}},"15":{"start":{"line":18,"column":24},"end":{"line":18,"column":61}},"16":{"start":{"line":19,"column":29},"end":{"line":19,"column":84}},"17":{"start":{"line":20,"column":17},"end":{"line":20,"column":60}},"18":{"start":{"line":21,"column":13},"end":{"line":21,"column":37}},"19":{"start":{"line":22,"column":24},"end":{"line":22,"column":65}},"20":{"start":{"line":23,"column":27},"end":{"line":23,"column":72}},"21":{"start":{"line":24,"column":0},"end":{"line":24,"column":39}},"22":{"start":{"line":25,"column":0},"end":{"line":25,"column":52}},"23":{"start":{"line":26,"column":0},"end":{"line":26,"column":42}},"24":{"start":{"line":27,"column":0},"end":{"line":27,"column":48}},"25":{"start":{"line":28,"column":0},"end":{"line":28,"column":66}},"26":{"start":{"line":29,"column":0},"end":{"line":29,"column":46}},"27":{"start":{"line":30,"column":0},"end":{"line":33,"column":4}},"28":{"start":{"line":34,"column":0},"end":{"line":34,"column":39}},"29":{"start":{"line":35,"column":0},"end":{"line":35,"column":41}},"30":{"start":{"line":36,"column":0},"end":{"line":36,"column":52}},"31":{"start":{"line":37,"column":0},"end":{"line":37,"column":67}},"32":{"start":{"line":38,"column":0},"end":{"line":38,"column":49}},"33":{"start":{"line":39,"column":0},"end":{"line":39,"column":68}},"34":{"start":{"line":40,"column":0},"end":{"line":40,"column":45}},"35":{"start":{"line":41,"column":0},"end":{"line":41,"column":42}},"36":{"start":{"line":42,"column":0},"end":{"line":47,"column":38}},"37":{"start":{"line":43,"column":4},"end":{"line":43,"column":41}},"38":{"start":{"line":44,"column":4},"end":{"line":46,"column":7}},"39":{"start":{"line":45,"column":8},"end":{"line":45,"column":55}},"40":{"start":{"line":47,"column":18},"end":{"line":47,"column":36}}},"fnMap":{"0":{"name":"(anonymous_0)","decl":{"start":{"line":2,"column":56},"end":{"line":2,"column":57}},"loc":{"start":{"line":2,"column":71},"end":{"line":4,"column":1}},"line":2},"1":{"name":"(anonymous_1)","decl":{"start":{"line":42,"column":37},"end":{"line":42,"column":38}},"loc":{"start":{"line":42,"column":46},"end":{"line":47,"column":1}},"line":42},"2":{"name":"(anonymous_2)","decl":{"start":{"line":44,"column":29},"end":{"line":44,"column":30}},"loc":{"start":{"line":44,"column":35},"end":{"line":46,"column":5}},"line":44},"3":{"name":"(anonymous_3)","decl":{"start":{"line":47,"column":9},"end":{"line":47,"column":10}},"loc":{"start":{"line":47,"column":18},"end":{"line":47,"column":36}},"line":47}},"branchMap":{"0":{"loc":{"start":{"line":2,"column":22},"end":{"line":4,"column":1}},"type":"binary-expr","locations":[{"start":{"line":2,"column":23},"end":{"line":2,"column":27}},{"start":{"line":2,"column":31},"end":{"line":2,"column":51}},{"start":{"line":2,"column":56},"end":{"line":4,"column":1}}],"line":2},"1":{"loc":{"start":{"line":3,"column":11},"end":{"line":3,"column":61}},"type":"cond-expr","locations":[{"start":{"line":3,"column":37},"end":{"line":3,"column":40}},{"start":{"line":3,"column":43},"end":{"line":3,"column":61}}],"line":3},"2":{"loc":{"start":{"line":3,"column":12},"end":{"line":3,"column":33}},"type":"binary-expr","locations":[{"start":{"line":3,"column":12},"end":{"line":3,"column":15}},{"start":{"line":3,"column":19},"end":{"line":3,"column":33}}],"line":3},"3":{"loc":{"start":{"line":21,"column":13},"end":{"line":21,"column":37}},"type":"binary-expr","locations":[{"start":{"line":21,"column":13},"end":{"line":21,"column":29}},{"start":{"line":21,"column":33},"end":{"line":21,"column":37}}],"line":21},"4":{"loc":{"start":{"line":22,"column":24},"end":{"line":22,"column":65}},"type":"binary-expr","locations":[{"start":{"line":22,"column":24},"end":{"line":22,"column":59}},{"start":{"line":22,"column":63},"end":{"line":22,"column":65}}],"line":22},"5":{"loc":{"start":{"line":23,"column":27},"end":{"line":23,"column":72}},"type":"binary-expr","locations":[{"start":{"line":23,"column":27},"end":{"line":23,"column":65}},{"start":{"line":23,"column":69},"end":{"line":23,"column":72}}],"line":23}},"s":{"0":1,"1":12,"2":1,"3":1,"4":1,"5":1,"6":1,"7":1,"8":1,"9":1,"10":1,"11":1,"12":1,"13":1,"14":1,"15":1,"16":1,"17":1,"18":1,"19":1,"20":1,"21":1,"22":1,"23":1,"24":1,"25":1,"26":1,"27":1,"28":1,"29":1,"30":1,"31":1,"32":1,"33":1,"34":1,"35":1,"36":1,"37":1,"38":1,"39":1,"40":0},"f":{"0":12,"1":1,"2":1,"3":0},"b":{"0":[1,1,1],"1":[5,7],"2":[12,12],"3":[1,1],"4":[1,1],"5":[1,1]},"_coverageSchema":"1a1c01bbd47fc00a2c39e90264f33305004495a9","hash":"24678ff4c504df580c90ea7b8e091918ffe076f5"}
,"C:\\Users\\ibs13\\Programming\\banner-fulltack-node-react-ts\\server\\dist\\configs\\mongoDBConnect.js": {"path":"C:\\Users\\ibs13\\Programming\\banner-fulltack-node-react-ts\\server\\dist\\configs\\mongoDBConnect.js","statementMap":{"0":{"start":{"line":2,"column":22},"end":{"line":4,"column":1}},"1":{"start":{"line":3,"column":4},"end":{"line":3,"column":62}},"2":{"start":{"line":5,"column":0},"end":{"line":5,"column":62}},"3":{"start":{"line":6,"column":19},"end":{"line":6,"column":55}},"4":{"start":{"line":7,"column":20},"end":{"line":24,"column":1}},"5":{"start":{"line":8,"column":16},"end":{"line":8,"column":37}},"6":{"start":{"line":9,"column":4},"end":{"line":12,"column":5}},"7":{"start":{"line":10,"column":8},"end":{"line":10,"column":50}},"8":{"start":{"line":11,"column":8},"end":{"line":11,"column":24}},"9":{"start":{"line":13,"column":4},"end":{"line":22,"column":5}},"10":{"start":{"line":14,"column":21},"end":{"line":14,"column":60}},"11":{"start":{"line":17,"column":8},"end":{"line":20,"column":9}},"12":{"start":{"line":18,"column":12},"end":{"line":18,"column":53}},"13":{"start":{"line":19,"column":12},"end":{"line":19,"column":28}},"14":{"start":{"line":25,"column":0},"end":{"line":25,"column":30}}},"fnMap":{"0":{"name":"(anonymous_0)","decl":{"start":{"line":2,"column":56},"end":{"line":2,"column":57}},"loc":{"start":{"line":2,"column":71},"end":{"line":4,"column":1}},"line":2},"1":{"name":"(anonymous_1)","decl":{"start":{"line":7,"column":20},"end":{"line":7,"column":21}},"loc":{"start":{"line":7,"column":32},"end":{"line":24,"column":1}},"line":7}},"branchMap":{"0":{"loc":{"start":{"line":2,"column":22},"end":{"line":4,"column":1}},"type":"binary-expr","locations":[{"start":{"line":2,"column":23},"end":{"line":2,"column":27}},{"start":{"line":2,"column":31},"end":{"line":2,"column":51}},{"start":{"line":2,"column":56},"end":{"line":4,"column":1}}],"line":2},"1":{"loc":{"start":{"line":3,"column":11},"end":{"line":3,"column":61}},"type":"cond-expr","locations":[{"start":{"line":3,"column":37},"end":{"line":3,"column":40}},{"start":{"line":3,"column":43},"end":{"line":3,"column":61}}],"line":3},"2":{"loc":{"start":{"line":3,"column":12},"end":{"line":3,"column":33}},"type":"binary-expr","locations":[{"start":{"line":3,"column":12},"end":{"line":3,"column":15}},{"start":{"line":3,"column":19},"end":{"line":3,"column":33}}],"line":3},"3":{"loc":{"start":{"line":9,"column":4},"end":{"line":12,"column":5}},"type":"if","locations":[{"start":{"line":9,"column":4},"end":{"line":12,"column":5}},{"start":{},"end":{}}],"line":9},"4":{"loc":{"start":{"line":17,"column":8},"end":{"line":20,"column":9}},"type":"if","locations":[{"start":{"line":17,"column":8},"end":{"line":20,"column":9}},{"start":{},"end":{}}],"line":17}},"s":{"0":1,"1":1,"2":1,"3":1,"4":1,"5":1,"6":1,"7":0,"8":0,"9":1,"10":1,"11":0,"12":0,"13":0,"14":1},"f":{"0":1,"1":1},"b":{"0":[1,1,1],"1":[0,1],"2":[1,1],"3":[0,1],"4":[0,0]},"_coverageSchema":"1a1c01bbd47fc00a2c39e90264f33305004495a9","hash":"d9f7d747d305590bcdf04a2fca161990cc56b9ce"}
,"C:\\Users\\ibs13\\Programming\\banner-fulltack-node-react-ts\\server\\dist\\configs\\pgConnect.js": {"path":"C:\\Users\\ibs13\\Programming\\banner-fulltack-node-react-ts\\server\\dist\\configs\\pgConnect.js","statementMap":{"0":{"start":{"line":2,"column":0},"end":{"line":2,"column":62}},"1":{"start":{"line":3,"column":13},"end":{"line":3,"column":26}},"2":{"start":{"line":4,"column":21},"end":{"line":4,"column":36}},"3":{"start":{"line":5,"column":0},"end":{"line":5,"column":31}}},"fnMap":{},"branchMap":{},"s":{"0":1,"1":1,"2":1,"3":1},"f":{},"b":{},"_coverageSchema":"1a1c01bbd47fc00a2c39e90264f33305004495a9","hash":"a8400931f1473702fb7307bc44bfe98bee862be4"}
,"C:\\Users\\ibs13\\Programming\\banner-fulltack-node-react-ts\\server\\dist\\controllers\\bannerImage-controller.js": {"path":"C:\\Users\\ibs13\\Programming\\banner-fulltack-node-react-ts\\server\\dist\\controllers\\bannerImage-controller.js","statementMap":{"0":{"start":{"line":2,"column":22},"end":{"line":4,"column":1}},"1":{"start":{"line":3,"column":4},"end":{"line":3,"column":62}},"2":{"start":{"line":5,"column":0},"end":{"line":5,"column":62}},"3":{"start":{"line":6,"column":0},"end":{"line":6,"column":255}},"4":{"start":{"line":7,"column":27},"end":{"line":7,"column":68}},"5":{"start":{"line":8,"column":19},"end":{"line":8,"column":47}},"6":{"start":{"line":9,"column":22},"end":{"line":9,"column":70}},"7":{"start":{"line":10,"column":31},"end":{"line":10,"column":74}},"8":{"start":{"line":11,"column":0},"end":{"line":17,"column":3}},"9":{"start":{"line":12,"column":20},"end":{"line":12,"column":71}},"10":{"start":{"line":13,"column":4},"end":{"line":15,"column":5}},"11":{"start":{"line":14,"column":8},"end":{"line":14,"column":98}},"12":{"start":{"line":16,"column":4},"end":{"line":16,"column":101}},"13":{"start":{"line":18,"column":0},"end":{"line":26,"column":3}},"14":{"start":{"line":19,"column":26},"end":{"line":19,"column":36}},"15":{"start":{"line":20,"column":20},"end":{"line":20,"column":90}},"16":{"start":{"line":21,"column":4},"end":{"line":23,"column":5}},"17":{"start":{"line":22,"column":8},"end":{"line":22,"column":98}},"18":{"start":{"line":25,"column":4},"end":{"line":25,"column":101}},"19":{"start":{"line":27,"column":0},"end":{"line":35,"column":3}},"20":{"start":{"line":28,"column":29},"end":{"line":28,"column":39}},"21":{"start":{"line":29,"column":20},"end":{"line":29,"column":93}},"22":{"start":{"line":30,"column":4},"end":{"line":32,"column":5}},"23":{"start":{"line":31,"column":8},"end":{"line":31,"column":98}},"24":{"start":{"line":34,"column":4},"end":{"line":34,"column":101}},"25":{"start":{"line":36,"column":0},"end":{"line":44,"column":3}},"26":{"start":{"line":37,"column":23},"end":{"line":37,"column":33}},"27":{"start":{"line":38,"column":20},"end":{"line":38,"column":83}},"28":{"start":{"line":39,"column":4},"end":{"line":41,"column":5}},"29":{"start":{"line":40,"column":8},"end":{"line":40,"column":98}},"30":{"start":{"line":43,"column":4},"end":{"line":43,"column":101}},"31":{"start":{"line":45,"column":0},"end":{"line":53,"column":3}},"32":{"start":{"line":46,"column":25},"end":{"line":46,"column":35}},"33":{"start":{"line":47,"column":26},"end":{"line":47,"column":97}},"34":{"start":{"line":48,"column":4},"end":{"line":50,"column":5}},"35":{"start":{"line":49,"column":8},"end":{"line":49,"column":98}},"36":{"start":{"line":52,"column":4},"end":{"line":52,"column":117}},"37":{"start":{"line":54,"column":0},"end":{"line":62,"column":3}},"38":{"start":{"line":55,"column":26},"end":{"line":55,"column":36}},"39":{"start":{"line":56,"column":22},"end":{"line":56,"column":106}},"40":{"start":{"line":57,"column":4},"end":{"line":59,"column":5}},"41":{"start":{"line":58,"column":8},"end":{"line":58,"column":98}},"42":{"start":{"line":61,"column":4},"end":{"line":61,"column":120}},"43":{"start":{"line":63,"column":0},"end":{"line":71,"column":3}},"44":{"start":{"line":64,"column":25},"end":{"line":64,"column":35}},"45":{"start":{"line":65,"column":26},"end":{"line":65,"column":87}},"46":{"start":{"line":66,"column":4},"end":{"line":68,"column":5}},"47":{"start":{"line":67,"column":8},"end":{"line":67,"column":98}},"48":{"start":{"line":70,"column":4},"end":{"line":70,"column":119}},"49":{"start":{"line":72,"column":0},"end":{"line":78,"column":3}},"50":{"start":{"line":73,"column":21},"end":{"line":73,"column":30}},"51":{"start":{"line":74,"column":4},"end":{"line":75,"column":97}},"52":{"start":{"line":75,"column":8},"end":{"line":75,"column":97}},"53":{"start":{"line":76,"column":21},"end":{"line":76,"column":88}},"54":{"start":{"line":77,"column":4},"end":{"line":77,"column":102}}},"fnMap":{"0":{"name":"(anonymous_0)","decl":{"start":{"line":2,"column":56},"end":{"line":2,"column":57}},"loc":{"start":{"line":2,"column":71},"end":{"line":4,"column":1}},"line":2},"1":{"name":"(anonymous_1)","decl":{"start":{"line":11,"column":63},"end":{"line":11,"column":64}},"loc":{"start":{"line":11,"column":89},"end":{"line":17,"column":1}},"line":11},"2":{"name":"(anonymous_2)","decl":{"start":{"line":18,"column":74},"end":{"line":18,"column":75}},"loc":{"start":{"line":18,"column":100},"end":{"line":26,"column":1}},"line":18},"3":{"name":"(anonymous_3)","decl":{"start":{"line":27,"column":73},"end":{"line":27,"column":74}},"loc":{"start":{"line":27,"column":99},"end":{"line":35,"column":1}},"line":27},"4":{"name":"(anonymous_4)","decl":{"start":{"line":36,"column":69},"end":{"line":36,"column":70}},"loc":{"start":{"line":36,"column":95},"end":{"line":44,"column":1}},"line":36},"5":{"name":"(anonymous_5)","decl":{"start":{"line":45,"column":65},"end":{"line":45,"column":66}},"loc":{"start":{"line":45,"column":91},"end":{"line":53,"column":1}},"line":45},"6":{"name":"(anonymous_6)","decl":{"start":{"line":54,"column":65},"end":{"line":54,"column":66}},"loc":{"start":{"line":54,"column":85},"end":{"line":62,"column":1}},"line":54},"7":{"name":"(anonymous_7)","decl":{"start":{"line":63,"column":65},"end":{"line":63,"column":66}},"loc":{"start":{"line":63,"column":91},"end":{"line":71,"column":1}},"line":63},"8":{"name":"(anonymous_8)","decl":{"start":{"line":72,"column":70},"end":{"line":72,"column":71}},"loc":{"start":{"line":72,"column":96},"end":{"line":78,"column":1}},"line":72}},"branchMap":{"0":{"loc":{"start":{"line":2,"column":22},"end":{"line":4,"column":1}},"type":"binary-expr","locations":[{"start":{"line":2,"column":23},"end":{"line":2,"column":27}},{"start":{"line":2,"column":31},"end":{"line":2,"column":51}},{"start":{"line":2,"column":56},"end":{"line":4,"column":1}}],"line":2},"1":{"loc":{"start":{"line":3,"column":11},"end":{"line":3,"column":61}},"type":"cond-expr","locations":[{"start":{"line":3,"column":37},"end":{"line":3,"column":40}},{"start":{"line":3,"column":43},"end":{"line":3,"column":61}}],"line":3},"2":{"loc":{"start":{"line":3,"column":12},"end":{"line":3,"column":33}},"type":"binary-expr","locations":[{"start":{"line":3,"column":12},"end":{"line":3,"column":15}},{"start":{"line":3,"column":19},"end":{"line":3,"column":33}}],"line":3},"3":{"loc":{"start":{"line":13,"column":4},"end":{"line":15,"column":5}},"type":"if","locations":[{"start":{"line":13,"column":4},"end":{"line":15,"column":5}},{"start":{},"end":{}}],"line":13},"4":{"loc":{"start":{"line":21,"column":4},"end":{"line":23,"column":5}},"type":"if","locations":[{"start":{"line":21,"column":4},"end":{"line":23,"column":5}},{"start":{},"end":{}}],"line":21},"5":{"loc":{"start":{"line":30,"column":4},"end":{"line":32,"column":5}},"type":"if","locations":[{"start":{"line":30,"column":4},"end":{"line":32,"column":5}},{"start":{},"end":{}}],"line":30},"6":{"loc":{"start":{"line":39,"column":4},"end":{"line":41,"column":5}},"type":"if","locations":[{"start":{"line":39,"column":4},"end":{"line":41,"column":5}},{"start":{},"end":{}}],"line":39},"7":{"loc":{"start":{"line":48,"column":4},"end":{"line":50,"column":5}},"type":"if","locations":[{"start":{"line":48,"column":4},"end":{"line":50,"column":5}},{"start":{},"end":{}}],"line":48},"8":{"loc":{"start":{"line":57,"column":4},"end":{"line":59,"column":5}},"type":"if","locations":[{"start":{"line":57,"column":4},"end":{"line":59,"column":5}},{"start":{},"end":{}}],"line":57},"9":{"loc":{"start":{"line":66,"column":4},"end":{"line":68,"column":5}},"type":"if","locations":[{"start":{"line":66,"column":4},"end":{"line":68,"column":5}},{"start":{},"end":{}}],"line":66},"10":{"loc":{"start":{"line":74,"column":4},"end":{"line":75,"column":97}},"type":"if","locations":[{"start":{"line":74,"column":4},"end":{"line":75,"column":97}},{"start":{},"end":{}}],"line":74}},"s":{"0":1,"1":1,"2":1,"3":1,"4":1,"5":1,"6":1,"7":1,"8":1,"9":0,"10":0,"11":0,"12":0,"13":1,"14":1,"15":1,"16":0,"17":0,"18":0,"19":1,"20":0,"21":0,"22":0,"23":0,"24":0,"25":1,"26":1,"27":1,"28":0,"29":0,"30":0,"31":1,"32":0,"33":0,"34":0,"35":0,"36":0,"37":1,"38":0,"39":0,"40":0,"41":0,"42":0,"43":1,"44":0,"45":0,"46":0,"47":0,"48":0,"49":1,"50":0,"51":0,"52":0,"53":0,"54":0},"f":{"0":1,"1":0,"2":1,"3":0,"4":1,"5":0,"6":0,"7":0,"8":0},"b":{"0":[1,1,1],"1":[1,0],"2":[1,1],"3":[0,0],"4":[0,0],"5":[0,0],"6":[0,0],"7":[0,0],"8":[0,0],"9":[0,0],"10":[0,0]},"_coverageSchema":"1a1c01bbd47fc00a2c39e90264f33305004495a9","hash":"31b054ef53dc4457c554d5f6f069e0a1f955ea21"}
,"C:\\Users\\ibs13\\Programming\\banner-fulltack-node-react-ts\\server\\dist\\controllers\\productControllers.js": {"path":"C:\\Users\\ibs13\\Programming\\banner-fulltack-node-react-ts\\server\\dist\\controllers\\productControllers.js","statementMap":{"0":{"start":{"line":2,"column":22},"end":{"line":4,"column":1}},"1":{"start":{"line":3,"column":4},"end":{"line":3,"column":62}},"2":{"start":{"line":5,"column":0},"end":{"line":5,"column":62}},"3":{"start":{"line":6,"column":27},"end":{"line":6,"column":68}},"4":{"start":{"line":7,"column":25},"end":{"line":7,"column":79}},"5":{"start":{"line":8,"column":19},"end":{"line":8,"column":47}},"6":{"start":{"line":9,"column":20},"end":{"line":9,"column":49}},"7":{"start":{"line":10,"column":22},"end":{"line":10,"column":70}},"8":{"start":{"line":11,"column":26},"end":{"line":18,"column":2}},"9":{"start":{"line":12,"column":27},"end":{"line":12,"column":77}},"10":{"start":{"line":13,"column":4},"end":{"line":15,"column":5}},"11":{"start":{"line":14,"column":8},"end":{"line":14,"column":93}},"12":{"start":{"line":17,"column":4},"end":{"line":17,"column":102}},"13":{"start":{"line":19,"column":24},"end":{"line":26,"column":2}},"14":{"start":{"line":20,"column":25},"end":{"line":20,"column":73}},"15":{"start":{"line":21,"column":4},"end":{"line":23,"column":5}},"16":{"start":{"line":22,"column":8},"end":{"line":22,"column":93}},"17":{"start":{"line":25,"column":4},"end":{"line":25,"column":99}},"18":{"start":{"line":27,"column":34},"end":{"line":35,"column":2}},"19":{"start":{"line":28,"column":25},"end":{"line":28,"column":35}},"20":{"start":{"line":29,"column":35},"end":{"line":29,"column":101}},"21":{"start":{"line":30,"column":4},"end":{"line":32,"column":5}},"22":{"start":{"line":31,"column":8},"end":{"line":31,"column":93}},"23":{"start":{"line":34,"column":4},"end":{"line":34,"column":109}},"24":{"start":{"line":36,"column":37},"end":{"line":42,"column":2}},"25":{"start":{"line":37,"column":25},"end":{"line":37,"column":35}},"26":{"start":{"line":38,"column":38},"end":{"line":38,"column":107}},"27":{"start":{"line":39,"column":4},"end":{"line":40,"column":93}},"28":{"start":{"line":40,"column":8},"end":{"line":40,"column":93}},"29":{"start":{"line":41,"column":4},"end":{"line":41,"column":112}},"30":{"start":{"line":43,"column":35},"end":{"line":49,"column":2}},"31":{"start":{"line":44,"column":25},"end":{"line":44,"column":35}},"32":{"start":{"line":45,"column":36},"end":{"line":45,"column":103}},"33":{"start":{"line":46,"column":4},"end":{"line":47,"column":92}},"34":{"start":{"line":47,"column":8},"end":{"line":47,"column":92}},"35":{"start":{"line":48,"column":4},"end":{"line":48,"column":110}},"36":{"start":{"line":50,"column":0},"end":{"line":56,"column":2}}},"fnMap":{"0":{"name":"(anonymous_0)","decl":{"start":{"line":2,"column":56},"end":{"line":2,"column":57}},"loc":{"start":{"line":2,"column":71},"end":{"line":4,"column":1}},"line":2},"1":{"name":"(anonymous_1)","decl":{"start":{"line":11,"column":63},"end":{"line":11,"column":64}},"loc":{"start":{"line":11,"column":89},"end":{"line":18,"column":1}},"line":11},"2":{"name":"(anonymous_2)","decl":{"start":{"line":19,"column":61},"end":{"line":19,"column":62}},"loc":{"start":{"line":19,"column":87},"end":{"line":26,"column":1}},"line":19},"3":{"name":"(anonymous_3)","decl":{"start":{"line":27,"column":71},"end":{"line":27,"column":72}},"loc":{"start":{"line":27,"column":97},"end":{"line":35,"column":1}},"line":27},"4":{"name":"(anonymous_4)","decl":{"start":{"line":36,"column":74},"end":{"line":36,"column":75}},"loc":{"start":{"line":36,"column":100},"end":{"line":42,"column":1}},"line":36},"5":{"name":"(anonymous_5)","decl":{"start":{"line":43,"column":72},"end":{"line":43,"column":73}},"loc":{"start":{"line":43,"column":98},"end":{"line":49,"column":1}},"line":43}},"branchMap":{"0":{"loc":{"start":{"line":2,"column":22},"end":{"line":4,"column":1}},"type":"binary-expr","locations":[{"start":{"line":2,"column":23},"end":{"line":2,"column":27}},{"start":{"line":2,"column":31},"end":{"line":2,"column":51}},{"start":{"line":2,"column":56},"end":{"line":4,"column":1}}],"line":2},"1":{"loc":{"start":{"line":3,"column":11},"end":{"line":3,"column":61}},"type":"cond-expr","locations":[{"start":{"line":3,"column":37},"end":{"line":3,"column":40}},{"start":{"line":3,"column":43},"end":{"line":3,"column":61}}],"line":3},"2":{"loc":{"start":{"line":3,"column":12},"end":{"line":3,"column":33}},"type":"binary-expr","locations":[{"start":{"line":3,"column":12},"end":{"line":3,"column":15}},{"start":{"line":3,"column":19},"end":{"line":3,"column":33}}],"line":3},"3":{"loc":{"start":{"line":13,"column":4},"end":{"line":15,"column":5}},"type":"if","locations":[{"start":{"line":13,"column":4},"end":{"line":15,"column":5}},{"start":{},"end":{}}],"line":13},"4":{"loc":{"start":{"line":21,"column":4},"end":{"line":23,"column":5}},"type":"if","locations":[{"start":{"line":21,"column":4},"end":{"line":23,"column":5}},{"start":{},"end":{}}],"line":21},"5":{"loc":{"start":{"line":30,"column":4},"end":{"line":32,"column":5}},"type":"if","locations":[{"start":{"line":30,"column":4},"end":{"line":32,"column":5}},{"start":{},"end":{}}],"line":30},"6":{"loc":{"start":{"line":39,"column":4},"end":{"line":40,"column":93}},"type":"if","locations":[{"start":{"line":39,"column":4},"end":{"line":40,"column":93}},{"start":{},"end":{}}],"line":39},"7":{"loc":{"start":{"line":46,"column":4},"end":{"line":47,"column":92}},"type":"if","locations":[{"start":{"line":46,"column":4},"end":{"line":47,"column":92}},{"start":{},"end":{}}],"line":46}},"s":{"0":1,"1":2,"2":1,"3":1,"4":1,"5":1,"6":1,"7":1,"8":1,"9":0,"10":0,"11":0,"12":0,"13":1,"14":0,"15":0,"16":0,"17":0,"18":1,"19":0,"20":0,"21":0,"22":0,"23":0,"24":1,"25":0,"26":0,"27":0,"28":0,"29":0,"30":1,"31":0,"32":0,"33":0,"34":0,"35":0,"36":1},"f":{"0":2,"1":0,"2":0,"3":0,"4":0,"5":0},"b":{"0":[1,1,1],"1":[2,0],"2":[2,2],"3":[0,0],"4":[0,0],"5":[0,0],"6":[0,0],"7":[0,0]},"_coverageSchema":"1a1c01bbd47fc00a2c39e90264f33305004495a9","hash":"4e3c491679f95ff0973c25bf8977e606e2fdbe8c"}
,"C:\\Users\\ibs13\\Programming\\banner-fulltack-node-react-ts\\server\\dist\\controllers\\user-controller.js": {"path":"C:\\Users\\ibs13\\Programming\\banner-fulltack-node-react-ts\\server\\dist\\controllers\\user-controller.js","statementMap":{"0":{"start":{"line":2,"column":22},"end":{"line":4,"column":1}},"1":{"start":{"line":3,"column":4},"end":{"line":3,"column":62}},"2":{"start":{"line":5,"column":0},"end":{"line":5,"column":62}},"3":{"start":{"line":6,"column":0},"end":{"line":6,"column":93}},"4":{"start":{"line":7,"column":20},"end":{"line":7,"column":49}},"5":{"start":{"line":8,"column":27},"end":{"line":8,"column":68}},"6":{"start":{"line":9,"column":19},"end":{"line":9,"column":47}},"7":{"start":{"line":10,"column":23},"end":{"line":10,"column":75}},"8":{"start":{"line":11,"column":22},"end":{"line":11,"column":70}},"9":{"start":{"line":12,"column":25},"end":{"line":12,"column":71}},"10":{"start":{"line":13,"column":19},"end":{"line":13,"column":64}},"11":{"start":{"line":14,"column":23},"end":{"line":14,"column":63}},"12":{"start":{"line":15,"column":0},"end":{"line":29,"column":3}},"13":{"start":{"line":16,"column":22},"end":{"line":16,"column":73}},"14":{"start":{"line":17,"column":4},"end":{"line":18,"column":92}},"15":{"start":{"line":18,"column":8},"end":{"line":18,"column":92}},"16":{"start":{"line":19,"column":4},"end":{"line":24,"column":5}},"17":{"start":{"line":20,"column":8},"end":{"line":23,"column":11}},"18":{"start":{"line":21,"column":12},"end":{"line":22,"column":111}},"19":{"start":{"line":22,"column":16},"end":{"line":22,"column":111}},"20":{"start":{"line":25,"column":32},"end":{"line":25,"column":40}},"21":{"start":{"line":26,"column":17},"end":{"line":26,"column":71}},"22":{"start":{"line":27,"column":4},"end":{"line":27,"column":56}},"23":{"start":{"line":28,"column":4},"end":{"line":28,"column":92}},"24":{"start":{"line":30,"column":0},"end":{"line":36,"column":3}},"25":{"start":{"line":31,"column":22},"end":{"line":31,"column":76}},"26":{"start":{"line":32,"column":4},"end":{"line":33,"column":62}},"27":{"start":{"line":33,"column":8},"end":{"line":33,"column":62}},"28":{"start":{"line":34,"column":17},"end":{"line":34,"column":68}},"29":{"start":{"line":35,"column":4},"end":{"line":35,"column":97}},"30":{"start":{"line":37,"column":19},"end":{"line":43,"column":1}},"31":{"start":{"line":38,"column":4},"end":{"line":41,"column":7}},"32":{"start":{"line":42,"column":4},"end":{"line":42,"column":86}},"33":{"start":{"line":44,"column":0},"end":{"line":49,"column":3}},"34":{"start":{"line":45,"column":4},"end":{"line":46,"column":96}},"35":{"start":{"line":46,"column":8},"end":{"line":46,"column":96}},"36":{"start":{"line":47,"column":18},"end":{"line":47,"column":60}},"37":{"start":{"line":48,"column":4},"end":{"line":48,"column":93}},"38":{"start":{"line":50,"column":0},"end":{"line":53,"column":3}},"39":{"start":{"line":51,"column":4},"end":{"line":51,"column":57}},"40":{"start":{"line":52,"column":4},"end":{"line":52,"column":90}},"41":{"start":{"line":54,"column":0},"end":{"line":54,"column":165}}},"fnMap":{"0":{"name":"(anonymous_0)","decl":{"start":{"line":2,"column":56},"end":{"line":2,"column":57}},"loc":{"start":{"line":2,"column":71},"end":{"line":4,"column":1}},"line":2},"1":{"name":"(anonymous_1)","decl":{"start":{"line":15,"column":57},"end":{"line":15,"column":58}},"loc":{"start":{"line":15,"column":77},"end":{"line":29,"column":1}},"line":15},"2":{"name":"(anonymous_2)","decl":{"start":{"line":20,"column":79},"end":{"line":20,"column":80}},"loc":{"start":{"line":20,"column":97},"end":{"line":23,"column":9}},"line":20},"3":{"name":"(anonymous_3)","decl":{"start":{"line":30,"column":60},"end":{"line":30,"column":61}},"loc":{"start":{"line":30,"column":86},"end":{"line":36,"column":1}},"line":30},"4":{"name":"(anonymous_4)","decl":{"start":{"line":37,"column":19},"end":{"line":37,"column":20}},"loc":{"start":{"line":37,"column":33},"end":{"line":43,"column":1}},"line":37},"5":{"name":"(anonymous_5)","decl":{"start":{"line":44,"column":59},"end":{"line":44,"column":60}},"loc":{"start":{"line":44,"column":85},"end":{"line":49,"column":1}},"line":44},"6":{"name":"(anonymous_6)","decl":{"start":{"line":50,"column":58},"end":{"line":50,"column":59}},"loc":{"start":{"line":50,"column":84},"end":{"line":53,"column":1}},"line":50}},"branchMap":{"0":{"loc":{"start":{"line":2,"column":22},"end":{"line":4,"column":1}},"type":"binary-expr","locations":[{"start":{"line":2,"column":23},"end":{"line":2,"column":27}},{"start":{"line":2,"column":31},"end":{"line":2,"column":51}},{"start":{"line":2,"column":56},"end":{"line":4,"column":1}}],"line":2},"1":{"loc":{"start":{"line":3,"column":11},"end":{"line":3,"column":61}},"type":"cond-expr","locations":[{"start":{"line":3,"column":37},"end":{"line":3,"column":40}},{"start":{"line":3,"column":43},"end":{"line":3,"column":61}}],"line":3},"2":{"loc":{"start":{"line":3,"column":12},"end":{"line":3,"column":33}},"type":"binary-expr","locations":[{"start":{"line":3,"column":12},"end":{"line":3,"column":15}},{"start":{"line":3,"column":19},"end":{"line":3,"column":33}}],"line":3},"3":{"loc":{"start":{"line":17,"column":4},"end":{"line":18,"column":92}},"type":"if","locations":[{"start":{"line":17,"column":4},"end":{"line":18,"column":92}},{"start":{},"end":{}}],"line":17},"4":{"loc":{"start":{"line":19,"column":4},"end":{"line":24,"column":5}},"type":"if","locations":[{"start":{"line":19,"column":4},"end":{"line":24,"column":5}},{"start":{},"end":{}}],"line":19},"5":{"loc":{"start":{"line":21,"column":12},"end":{"line":22,"column":111}},"type":"if","locations":[{"start":{"line":21,"column":12},"end":{"line":22,"column":111}},{"start":{},"end":{}}],"line":21},"6":{"loc":{"start":{"line":32,"column":4},"end":{"line":33,"column":62}},"type":"if","locations":[{"start":{"line":32,"column":4},"end":{"line":33,"column":62}},{"start":{},"end":{}}],"line":32},"7":{"loc":{"start":{"line":45,"column":4},"end":{"line":46,"column":96}},"type":"if","locations":[{"start":{"line":45,"column":4},"end":{"line":46,"column":96}},{"start":{},"end":{}}],"line":45}},"s":{"0":1,"1":4,"2":1,"3":1,"4":1,"5":1,"6":1,"7":1,"8":1,"9":1,"10":1,"11":1,"12":1,"13":0,"14":0,"15":0,"16":0,"17":0,"18":0,"19":0,"20":0,"21":0,"22":0,"23":0,"24":1,"25":0,"26":0,"27":0,"28":0,"29":0,"30":1,"31":0,"32":0,"33":1,"34":0,"35":0,"36":0,"37":0,"38":1,"39":0,"40":0,"41":1},"f":{"0":4,"1":0,"2":0,"3":0,"4":0,"5":0,"6":0},"b":{"0":[1,1,1],"1":[3,1],"2":[4,4],"3":[0,0],"4":[0,0],"5":[0,0],"6":[0,0],"7":[0,0]},"_coverageSchema":"1a1c01bbd47fc00a2c39e90264f33305004495a9","hash":"e090f5dffb6aba924d147cbff71f88ae054a6cd6"}
,"C:\\Users\\ibs13\\Programming\\banner-fulltack-node-react-ts\\server\\dist\\dal\\bannersImage-dal.js": {"path":"C:\\Users\\ibs13\\Programming\\banner-fulltack-node-react-ts\\server\\dist\\dal\\bannersImage-dal.js","statementMap":{"0":{"start":{"line":2,"column":22},"end":{"line":4,"column":1}},"1":{"start":{"line":3,"column":4},"end":{"line":3,"column":62}},"2":{"start":{"line":5,"column":0},"end":{"line":5,"column":62}},"3":{"start":{"line":6,"column":0},"end":{"line":6,"column":254}},"4":{"start":{"line":7,"column":23},"end":{"line":7,"column":56}},"5":{"start":{"line":8,"column":19},"end":{"line":8,"column":47}},"6":{"start":{"line":9,"column":22},"end":{"line":9,"column":70}},"7":{"start":{"line":10,"column":24},"end":{"line":18,"column":1}},"8":{"start":{"line":11,"column":4},"end":{"line":17,"column":5}},"9":{"start":{"line":12,"column":21},"end":{"line":12,"column":62}},"10":{"start":{"line":13,"column":8},"end":{"line":13,"column":20}},"11":{"start":{"line":16,"column":8},"end":{"line":16,"column":129}},"12":{"start":{"line":19,"column":0},"end":{"line":19,"column":42}},"13":{"start":{"line":20,"column":35},"end":{"line":28,"column":1}},"14":{"start":{"line":21,"column":4},"end":{"line":27,"column":5}},"15":{"start":{"line":22,"column":21},"end":{"line":22,"column":73}},"16":{"start":{"line":23,"column":8},"end":{"line":23,"column":20}},"17":{"start":{"line":26,"column":8},"end":{"line":26,"column":146}},"18":{"start":{"line":29,"column":0},"end":{"line":29,"column":64}},"19":{"start":{"line":30,"column":34},"end":{"line":38,"column":1}},"20":{"start":{"line":31,"column":4},"end":{"line":37,"column":5}},"21":{"start":{"line":32,"column":21},"end":{"line":32,"column":76}},"22":{"start":{"line":33,"column":8},"end":{"line":33,"column":20}},"23":{"start":{"line":36,"column":8},"end":{"line":36,"column":145}},"24":{"start":{"line":39,"column":0},"end":{"line":39,"column":62}},"25":{"start":{"line":40,"column":30},"end":{"line":48,"column":1}},"26":{"start":{"line":41,"column":4},"end":{"line":47,"column":5}},"27":{"start":{"line":42,"column":21},"end":{"line":42,"column":78}},"28":{"start":{"line":43,"column":8},"end":{"line":43,"column":20}},"29":{"start":{"line":46,"column":8},"end":{"line":46,"column":142}},"30":{"start":{"line":49,"column":0},"end":{"line":49,"column":54}},"31":{"start":{"line":50,"column":26},"end":{"line":58,"column":1}},"32":{"start":{"line":51,"column":4},"end":{"line":57,"column":5}},"33":{"start":{"line":52,"column":30},"end":{"line":52,"column":111}},"34":{"start":{"line":53,"column":8},"end":{"line":53,"column":29}},"35":{"start":{"line":56,"column":8},"end":{"line":56,"column":139}},"36":{"start":{"line":59,"column":0},"end":{"line":59,"column":46}},"37":{"start":{"line":60,"column":26},"end":{"line":69,"column":1}},"38":{"start":{"line":61,"column":4},"end":{"line":67,"column":5}},"39":{"start":{"line":62,"column":30},"end":{"line":62,"column":120}},"40":{"start":{"line":63,"column":8},"end":{"line":63,"column":29}},"41":{"start":{"line":66,"column":8},"end":{"line":66,"column":143}},"42":{"start":{"line":70,"column":0},"end":{"line":70,"column":46}},"43":{"start":{"line":71,"column":26},"end":{"line":79,"column":1}},"44":{"start":{"line":72,"column":4},"end":{"line":78,"column":5}},"45":{"start":{"line":73,"column":30},"end":{"line":73,"column":90}},"46":{"start":{"line":74,"column":8},"end":{"line":74,"column":29}},"47":{"start":{"line":77,"column":8},"end":{"line":77,"column":135}},"48":{"start":{"line":80,"column":0},"end":{"line":80,"column":46}},"49":{"start":{"line":81,"column":30},"end":{"line":96,"column":1}},"50":{"start":{"line":82,"column":4},"end":{"line":95,"column":5}},"51":{"start":{"line":83,"column":22},"end":{"line":83,"column":24}},"52":{"start":{"line":84,"column":8},"end":{"line":86,"column":9}},"53":{"start":{"line":85,"column":12},"end":{"line":85,"column":54}},"54":{"start":{"line":87,"column":8},"end":{"line":89,"column":9}},"55":{"start":{"line":88,"column":12},"end":{"line":88,"column":42}},"56":{"start":{"line":90,"column":21},"end":{"line":90,"column":98}},"57":{"start":{"line":91,"column":8},"end":{"line":91,"column":20}},"58":{"start":{"line":94,"column":8},"end":{"line":94,"column":143}},"59":{"start":{"line":97,"column":0},"end":{"line":97,"column":54}}},"fnMap":{"0":{"name":"(anonymous_0)","decl":{"start":{"line":2,"column":56},"end":{"line":2,"column":57}},"loc":{"start":{"line":2,"column":71},"end":{"line":4,"column":1}},"line":2},"1":{"name":"(anonymous_1)","decl":{"start":{"line":10,"column":24},"end":{"line":10,"column":25}},"loc":{"start":{"line":10,"column":36},"end":{"line":18,"column":1}},"line":10},"2":{"name":"(anonymous_2)","decl":{"start":{"line":20,"column":35},"end":{"line":20,"column":36}},"loc":{"start":{"line":20,"column":56},"end":{"line":28,"column":1}},"line":20},"3":{"name":"(anonymous_3)","decl":{"start":{"line":30,"column":34},"end":{"line":30,"column":35}},"loc":{"start":{"line":30,"column":58},"end":{"line":38,"column":1}},"line":30},"4":{"name":"(anonymous_4)","decl":{"start":{"line":40,"column":30},"end":{"line":40,"column":31}},"loc":{"start":{"line":40,"column":48},"end":{"line":48,"column":1}},"line":40},"5":{"name":"(anonymous_5)","decl":{"start":{"line":50,"column":26},"end":{"line":50,"column":27}},"loc":{"start":{"line":50,"column":52},"end":{"line":58,"column":1}},"line":50},"6":{"name":"(anonymous_6)","decl":{"start":{"line":60,"column":26},"end":{"line":60,"column":27}},"loc":{"start":{"line":60,"column":61},"end":{"line":69,"column":1}},"line":60},"7":{"name":"(anonymous_7)","decl":{"start":{"line":71,"column":26},"end":{"line":71,"column":27}},"loc":{"start":{"line":71,"column":46},"end":{"line":79,"column":1}},"line":71},"8":{"name":"(anonymous_8)","decl":{"start":{"line":81,"column":30},"end":{"line":81,"column":31}},"loc":{"start":{"line":81,"column":53},"end":{"line":96,"column":1}},"line":81}},"branchMap":{"0":{"loc":{"start":{"line":2,"column":22},"end":{"line":4,"column":1}},"type":"binary-expr","locations":[{"start":{"line":2,"column":23},"end":{"line":2,"column":27}},{"start":{"line":2,"column":31},"end":{"line":2,"column":51}},{"start":{"line":2,"column":56},"end":{"line":4,"column":1}}],"line":2},"1":{"loc":{"start":{"line":3,"column":11},"end":{"line":3,"column":61}},"type":"cond-expr","locations":[{"start":{"line":3,"column":37},"end":{"line":3,"column":40}},{"start":{"line":3,"column":43},"end":{"line":3,"column":61}}],"line":3},"2":{"loc":{"start":{"line":3,"column":12},"end":{"line":3,"column":33}},"type":"binary-expr","locations":[{"start":{"line":3,"column":12},"end":{"line":3,"column":15}},{"start":{"line":3,"column":19},"end":{"line":3,"column":33}}],"line":3},"3":{"loc":{"start":{"line":84,"column":8},"end":{"line":86,"column":9}},"type":"if","locations":[{"start":{"line":84,"column":8},"end":{"line":86,"column":9}},{"start":{},"end":{}}],"line":84},"4":{"loc":{"start":{"line":87,"column":8},"end":{"line":89,"column":9}},"type":"if","locations":[{"start":{"line":87,"column":8},"end":{"line":89,"column":9}},{"start":{},"end":{}}],"line":87}},"s":{"0":1,"1":1,"2":1,"3":1,"4":1,"5":1,"6":1,"7":1,"8":0,"9":0,"10":0,"11":0,"12":1,"13":1,"14":1,"15":1,"16":0,"17":0,"18":1,"19":1,"20":0,"21":0,"22":0,"23":0,"24":1,"25":1,"26":1,"27":1,"28":0,"29":0,"30":1,"31":1,"32":0,"33":0,"34":0,"35":0,"36":1,"37":1,"38":0,"39":0,"40":0,"41":0,"42":1,"43":1,"44":0,"45":0,"46":0,"47":0,"48":1,"49":1,"50":0,"51":0,"52":0,"53":0,"54":0,"55":0,"56":0,"57":0,"58":0,"59":1},"f":{"0":1,"1":0,"2":1,"3":0,"4":1,"5":0,"6":0,"7":0,"8":0},"b":{"0":[1,1,1],"1":[1,0],"2":[1,1],"3":[0,0],"4":[0,0]},"_coverageSchema":"1a1c01bbd47fc00a2c39e90264f33305004495a9","hash":"9ec4725fd274c8f9844504f3dbbad5e65c405883"}
,"C:\\Users\\ibs13\\Programming\\banner-fulltack-node-react-ts\\server\\dist\\dal\\productsDal.js": {"path":"C:\\Users\\ibs13\\Programming\\banner-fulltack-node-react-ts\\server\\dist\\dal\\productsDal.js","statementMap":{"0":{"start":{"line":2,"column":22},"end":{"line":4,"column":1}},"1":{"start":{"line":3,"column":4},"end":{"line":3,"column":62}},"2":{"start":{"line":5,"column":0},"end":{"line":5,"column":62}},"3":{"start":{"line":6,"column":19},"end":{"line":6,"column":47}},"4":{"start":{"line":7,"column":22},"end":{"line":7,"column":70}},"5":{"start":{"line":8,"column":25},"end":{"line":20,"column":1}},"6":{"start":{"line":9,"column":4},"end":{"line":18,"column":5}},"7":{"start":{"line":10,"column":25},"end":{"line":10,"column":86}},"8":{"start":{"line":11,"column":8},"end":{"line":12,"column":125}},"9":{"start":{"line":12,"column":12},"end":{"line":12,"column":125}},"10":{"start":{"line":13,"column":21},"end":{"line":13,"column":42}},"11":{"start":{"line":14,"column":8},"end":{"line":14,"column":20}},"12":{"start":{"line":17,"column":8},"end":{"line":17,"column":118}},"13":{"start":{"line":21,"column":25},"end":{"line":33,"column":1}},"14":{"start":{"line":22,"column":4},"end":{"line":31,"column":5}},"15":{"start":{"line":23,"column":25},"end":{"line":23,"column":91}},"16":{"start":{"line":24,"column":8},"end":{"line":25,"column":125}},"17":{"start":{"line":25,"column":12},"end":{"line":25,"column":125}},"18":{"start":{"line":26,"column":21},"end":{"line":26,"column":42}},"19":{"start":{"line":27,"column":8},"end":{"line":27,"column":20}},"20":{"start":{"line":30,"column":8},"end":{"line":30,"column":116}},"21":{"start":{"line":34,"column":29},"end":{"line":45,"column":1}},"22":{"start":{"line":35,"column":4},"end":{"line":44,"column":5}},"23":{"start":{"line":36,"column":25},"end":{"line":36,"column":106}},"24":{"start":{"line":37,"column":8},"end":{"line":38,"column":125}},"25":{"start":{"line":38,"column":12},"end":{"line":38,"column":125}},"26":{"start":{"line":39,"column":21},"end":{"line":39,"column":42}},"27":{"start":{"line":40,"column":8},"end":{"line":40,"column":20}},"28":{"start":{"line":43,"column":8},"end":{"line":43,"column":118}},"29":{"start":{"line":46,"column":28},"end":{"line":58,"column":1}},"30":{"start":{"line":47,"column":4},"end":{"line":56,"column":5}},"31":{"start":{"line":48,"column":25},"end":{"line":48,"column":96}},"32":{"start":{"line":49,"column":8},"end":{"line":50,"column":125}},"33":{"start":{"line":50,"column":12},"end":{"line":50,"column":125}},"34":{"start":{"line":51,"column":21},"end":{"line":51,"column":42}},"35":{"start":{"line":52,"column":8},"end":{"line":52,"column":20}},"36":{"start":{"line":55,"column":8},"end":{"line":55,"column":116}},"37":{"start":{"line":59,"column":32},"end":{"line":71,"column":1}},"38":{"start":{"line":60,"column":4},"end":{"line":69,"column":5}},"39":{"start":{"line":61,"column":25},"end":{"line":61,"column":103}},"40":{"start":{"line":62,"column":8},"end":{"line":63,"column":125}},"41":{"start":{"line":63,"column":12},"end":{"line":63,"column":125}},"42":{"start":{"line":64,"column":21},"end":{"line":64,"column":42}},"43":{"start":{"line":65,"column":8},"end":{"line":65,"column":20}},"44":{"start":{"line":68,"column":8},"end":{"line":68,"column":116}},"45":{"start":{"line":72,"column":0},"end":{"line":78,"column":2}}},"fnMap":{"0":{"name":"(anonymous_0)","decl":{"start":{"line":2,"column":56},"end":{"line":2,"column":57}},"loc":{"start":{"line":2,"column":71},"end":{"line":4,"column":1}},"line":2},"1":{"name":"(anonymous_1)","decl":{"start":{"line":8,"column":25},"end":{"line":8,"column":26}},"loc":{"start":{"line":8,"column":37},"end":{"line":20,"column":1}},"line":8},"2":{"name":"(anonymous_2)","decl":{"start":{"line":21,"column":25},"end":{"line":21,"column":26}},"loc":{"start":{"line":21,"column":39},"end":{"line":33,"column":1}},"line":21},"3":{"name":"(anonymous_3)","decl":{"start":{"line":34,"column":29},"end":{"line":34,"column":30}},"loc":{"start":{"line":34,"column":49},"end":{"line":45,"column":1}},"line":34},"4":{"name":"(anonymous_4)","decl":{"start":{"line":46,"column":28},"end":{"line":46,"column":29}},"loc":{"start":{"line":46,"column":40},"end":{"line":58,"column":1}},"line":46},"5":{"name":"(anonymous_5)","decl":{"start":{"line":59,"column":32},"end":{"line":59,"column":33}},"loc":{"start":{"line":59,"column":51},"end":{"line":71,"column":1}},"line":59}},"branchMap":{"0":{"loc":{"start":{"line":2,"column":22},"end":{"line":4,"column":1}},"type":"binary-expr","locations":[{"start":{"line":2,"column":23},"end":{"line":2,"column":27}},{"start":{"line":2,"column":31},"end":{"line":2,"column":51}},{"start":{"line":2,"column":56},"end":{"line":4,"column":1}}],"line":2},"1":{"loc":{"start":{"line":3,"column":11},"end":{"line":3,"column":61}},"type":"cond-expr","locations":[{"start":{"line":3,"column":37},"end":{"line":3,"column":40}},{"start":{"line":3,"column":43},"end":{"line":3,"column":61}}],"line":3},"2":{"loc":{"start":{"line":3,"column":12},"end":{"line":3,"column":33}},"type":"binary-expr","locations":[{"start":{"line":3,"column":12},"end":{"line":3,"column":15}},{"start":{"line":3,"column":19},"end":{"line":3,"column":33}}],"line":3},"3":{"loc":{"start":{"line":11,"column":8},"end":{"line":12,"column":125}},"type":"if","locations":[{"start":{"line":11,"column":8},"end":{"line":12,"column":125}},{"start":{},"end":{}}],"line":11},"4":{"loc":{"start":{"line":24,"column":8},"end":{"line":25,"column":125}},"type":"if","locations":[{"start":{"line":24,"column":8},"end":{"line":25,"column":125}},{"start":{},"end":{}}],"line":24},"5":{"loc":{"start":{"line":37,"column":8},"end":{"line":38,"column":125}},"type":"if","locations":[{"start":{"line":37,"column":8},"end":{"line":38,"column":125}},{"start":{},"end":{}}],"line":37},"6":{"loc":{"start":{"line":49,"column":8},"end":{"line":50,"column":125}},"type":"if","locations":[{"start":{"line":49,"column":8},"end":{"line":50,"column":125}},{"start":{},"end":{}}],"line":49},"7":{"loc":{"start":{"line":62,"column":8},"end":{"line":63,"column":125}},"type":"if","locations":[{"start":{"line":62,"column":8},"end":{"line":63,"column":125}},{"start":{},"end":{}}],"line":62}},"s":{"0":1,"1":1,"2":1,"3":1,"4":1,"5":1,"6":0,"7":0,"8":0,"9":0,"10":0,"11":0,"12":0,"13":1,"14":0,"15":0,"16":0,"17":0,"18":0,"19":0,"20":0,"21":1,"22":0,"23":0,"24":0,"25":0,"26":0,"27":0,"28":0,"29":1,"30":0,"31":0,"32":0,"33":0,"34":0,"35":0,"36":0,"37":1,"38":0,"39":0,"40":0,"41":0,"42":0,"43":0,"44":0,"45":1},"f":{"0":1,"1":0,"2":0,"3":0,"4":0,"5":0},"b":{"0":[1,1,1],"1":[1,0],"2":[1,1],"3":[0,0],"4":[0,0],"5":[0,0],"6":[0,0],"7":[0,0]},"_coverageSchema":"1a1c01bbd47fc00a2c39e90264f33305004495a9","hash":"2bbebb1161d67e7bee08f6fafdc4c165c4a1e006"}
,"C:\\Users\\ibs13\\Programming\\banner-fulltack-node-react-ts\\server\\dist\\dal\\userDal.js": {"path":"C:\\Users\\ibs13\\Programming\\banner-fulltack-node-react-ts\\server\\dist\\dal\\userDal.js","statementMap":{"0":{"start":{"line":2,"column":22},"end":{"line":4,"column":1}},"1":{"start":{"line":3,"column":4},"end":{"line":3,"column":62}},"2":{"start":{"line":5,"column":0},"end":{"line":5,"column":62}},"3":{"start":{"line":6,"column":20},"end":{"line":6,"column":68}},"4":{"start":{"line":7,"column":19},"end":{"line":7,"column":47}},"5":{"start":{"line":8,"column":22},"end":{"line":8,"column":70}},"6":{"start":{"line":9,"column":23},"end":{"line":29,"column":1}},"7":{"start":{"line":11,"column":4},"end":{"line":28,"column":5}},"8":{"start":{"line":12,"column":8},"end":{"line":12,"column":53}},"9":{"start":{"line":13,"column":8},"end":{"line":22,"column":9}},"10":{"start":{"line":14,"column":29},"end":{"line":14,"column":96}},"11":{"start":{"line":15,"column":12},"end":{"line":15,"column":27}},"12":{"start":{"line":18,"column":12},"end":{"line":18,"column":133}},"13":{"start":{"line":21,"column":12},"end":{"line":21,"column":29}},"14":{"start":{"line":25,"column":8},"end":{"line":26,"column":34}},"15":{"start":{"line":26,"column":12},"end":{"line":26,"column":34}},"16":{"start":{"line":27,"column":8},"end":{"line":27,"column":137}},"17":{"start":{"line":30,"column":21},"end":{"line":50,"column":1}},"18":{"start":{"line":32,"column":4},"end":{"line":49,"column":5}},"19":{"start":{"line":33,"column":8},"end":{"line":33,"column":53}},"20":{"start":{"line":34,"column":8},"end":{"line":43,"column":9}},"21":{"start":{"line":35,"column":29},"end":{"line":35,"column":208}},"22":{"start":{"line":36,"column":12},"end":{"line":36,"column":27}},"23":{"start":{"line":39,"column":12},"end":{"line":39,"column":133}},"24":{"start":{"line":42,"column":12},"end":{"line":42,"column":29}},"25":{"start":{"line":46,"column":8},"end":{"line":47,"column":34}},"26":{"start":{"line":47,"column":12},"end":{"line":47,"column":34}},"27":{"start":{"line":48,"column":8},"end":{"line":48,"column":137}},"28":{"start":{"line":51,"column":20},"end":{"line":71,"column":1}},"29":{"start":{"line":53,"column":4},"end":{"line":70,"column":5}},"30":{"start":{"line":54,"column":8},"end":{"line":54,"column":53}},"31":{"start":{"line":55,"column":8},"end":{"line":64,"column":9}},"32":{"start":{"line":56,"column":29},"end":{"line":56,"column":70}},"33":{"start":{"line":57,"column":12},"end":{"line":57,"column":24}},"34":{"start":{"line":60,"column":12},"end":{"line":60,"column":133}},"35":{"start":{"line":63,"column":12},"end":{"line":63,"column":29}},"36":{"start":{"line":67,"column":8},"end":{"line":68,"column":34}},"37":{"start":{"line":68,"column":12},"end":{"line":68,"column":34}},"38":{"start":{"line":69,"column":8},"end":{"line":69,"column":137}},"39":{"start":{"line":72,"column":19},"end":{"line":94,"column":1}},"40":{"start":{"line":74,"column":4},"end":{"line":92,"column":5}},"41":{"start":{"line":75,"column":8},"end":{"line":75,"column":53}},"42":{"start":{"line":76,"column":8},"end":{"line":85,"column":9}},"43":{"start":{"line":77,"column":29},"end":{"line":77,"column":104}},"44":{"start":{"line":78,"column":12},"end":{"line":78,"column":27}},"45":{"start":{"line":81,"column":12},"end":{"line":81,"column":133}},"46":{"start":{"line":84,"column":12},"end":{"line":84,"column":29}},"47":{"start":{"line":89,"column":8},"end":{"line":90,"column":34}},"48":{"start":{"line":90,"column":12},"end":{"line":90,"column":34}},"49":{"start":{"line":91,"column":8},"end":{"line":91,"column":137}},"50":{"start":{"line":95,"column":0},"end":{"line":95,"column":76}}},"fnMap":{"0":{"name":"(anonymous_0)","decl":{"start":{"line":2,"column":56},"end":{"line":2,"column":57}},"loc":{"start":{"line":2,"column":71},"end":{"line":4,"column":1}},"line":2},"1":{"name":"(anonymous_1)","decl":{"start":{"line":9,"column":23},"end":{"line":9,"column":24}},"loc":{"start":{"line":9,"column":40},"end":{"line":29,"column":1}},"line":9},"2":{"name":"(anonymous_2)","decl":{"start":{"line":30,"column":21},"end":{"line":30,"column":22}},"loc":{"start":{"line":30,"column":37},"end":{"line":50,"column":1}},"line":30},"3":{"name":"(anonymous_3)","decl":{"start":{"line":51,"column":20},"end":{"line":51,"column":21}},"loc":{"start":{"line":51,"column":32},"end":{"line":71,"column":1}},"line":51},"4":{"name":"(anonymous_4)","decl":{"start":{"line":72,"column":19},"end":{"line":72,"column":20}},"loc":{"start":{"line":72,"column":37},"end":{"line":94,"column":1}},"line":72}},"branchMap":{"0":{"loc":{"start":{"line":2,"column":22},"end":{"line":4,"column":1}},"type":"binary-expr","locations":[{"start":{"line":2,"column":23},"end":{"line":2,"column":27}},{"start":{"line":2,"column":31},"end":{"line":2,"column":51}},{"start":{"line":2,"column":56},"end":{"line":4,"column":1}}],"line":2},"1":{"loc":{"start":{"line":3,"column":11},"end":{"line":3,"column":61}},"type":"cond-expr","locations":[{"start":{"line":3,"column":37},"end":{"line":3,"column":40}},{"start":{"line":3,"column":43},"end":{"line":3,"column":61}}],"line":3},"2":{"loc":{"start":{"line":3,"column":12},"end":{"line":3,"column":33}},"type":"binary-expr","locations":[{"start":{"line":3,"column":12},"end":{"line":3,"column":15}},{"start":{"line":3,"column":19},"end":{"line":3,"column":33}}],"line":3},"3":{"loc":{"start":{"line":25,"column":8},"end":{"line":26,"column":34}},"type":"if","locations":[{"start":{"line":25,"column":8},"end":{"line":26,"column":34}},{"start":{},"end":{}}],"line":25},"4":{"loc":{"start":{"line":46,"column":8},"end":{"line":47,"column":34}},"type":"if","locations":[{"start":{"line":46,"column":8},"end":{"line":47,"column":34}},{"start":{},"end":{}}],"line":46},"5":{"loc":{"start":{"line":67,"column":8},"end":{"line":68,"column":34}},"type":"if","locations":[{"start":{"line":67,"column":8},"end":{"line":68,"column":34}},{"start":{},"end":{}}],"line":67},"6":{"loc":{"start":{"line":89,"column":8},"end":{"line":90,"column":34}},"type":"if","locations":[{"start":{"line":89,"column":8},"end":{"line":90,"column":34}},{"start":{},"end":{}}],"line":89}},"s":{"0":1,"1":2,"2":1,"3":1,"4":1,"5":1,"6":1,"7":0,"8":0,"9":0,"10":0,"11":0,"12":0,"13":0,"14":0,"15":0,"16":0,"17":1,"18":0,"19":0,"20":0,"21":0,"22":0,"23":0,"24":0,"25":0,"26":0,"27":0,"28":1,"29":0,"30":0,"31":0,"32":0,"33":0,"34":0,"35":0,"36":0,"37":0,"38":0,"39":1,"40":0,"41":0,"42":0,"43":0,"44":0,"45":0,"46":0,"47":0,"48":0,"49":0,"50":1},"f":{"0":2,"1":0,"2":0,"3":0,"4":0},"b":{"0":[1,1,1],"1":[2,0],"2":[2,2],"3":[0,0],"4":[0,0],"5":[0,0],"6":[0,0]},"_coverageSchema":"1a1c01bbd47fc00a2c39e90264f33305004495a9","hash":"94f6bacf1582f4810079084716fa0e2635c4f2f2"}
,"C:\\Users\\ibs13\\Programming\\banner-fulltack-node-react-ts\\server\\dist\\middleware\\async-middleware.js": {"path":"C:\\Users\\ibs13\\Programming\\banner-fulltack-node-react-ts\\server\\dist\\middleware\\async-middleware.js","statementMap":{"0":{"start":{"line":2,"column":0},"end":{"line":2,"column":62}},"1":{"start":{"line":3,"column":0},"end":{"line":3,"column":30}},"2":{"start":{"line":4,"column":27},"end":{"line":4,"column":56}},"3":{"start":{"line":5,"column":21},"end":{"line":11,"column":1}},"4":{"start":{"line":6,"column":4},"end":{"line":10,"column":6}},"5":{"start":{"line":7,"column":8},"end":{"line":9,"column":11}},"6":{"start":{"line":8,"column":12},"end":{"line":8,"column":73}},"7":{"start":{"line":12,"column":0},"end":{"line":12,"column":36}}},"fnMap":{"0":{"name":"(anonymous_0)","decl":{"start":{"line":5,"column":21},"end":{"line":5,"column":22}},"loc":{"start":{"line":5,"column":29},"end":{"line":11,"column":1}},"line":5},"1":{"name":"(anonymous_1)","decl":{"start":{"line":6,"column":11},"end":{"line":6,"column":12}},"loc":{"start":{"line":6,"column":31},"end":{"line":10,"column":5}},"line":6},"2":{"name":"(anonymous_2)","decl":{"start":{"line":7,"column":50},"end":{"line":7,"column":51}},"loc":{"start":{"line":7,"column":61},"end":{"line":9,"column":9}},"line":7}},"branchMap":{},"s":{"0":1,"1":1,"2":1,"3":1,"4":19,"5":2,"6":0,"7":1},"f":{"0":19,"1":2,"2":0},"b":{},"_coverageSchema":"1a1c01bbd47fc00a2c39e90264f33305004495a9","hash":"0245cc25a768101d4079418004d47aa7cb186ee0"}
,"C:\\Users\\ibs13\\Programming\\banner-fulltack-node-react-ts\\server\\dist\\middleware\\auth-middleware.js": {"path":"C:\\Users\\ibs13\\Programming\\banner-fulltack-node-react-ts\\server\\dist\\middleware\\auth-middleware.js","statementMap":{"0":{"start":{"line":2,"column":22},"end":{"line":4,"column":1}},"1":{"start":{"line":3,"column":4},"end":{"line":3,"column":62}},"2":{"start":{"line":5,"column":0},"end":{"line":5,"column":62}},"3":{"start":{"line":6,"column":0},"end":{"line":6,"column":29}},"4":{"start":{"line":7,"column":23},"end":{"line":7,"column":63}},"5":{"start":{"line":8,"column":27},"end":{"line":8,"column":68}},"6":{"start":{"line":9,"column":22},"end":{"line":9,"column":70}},"7":{"start":{"line":10,"column":19},"end":{"line":10,"column":47}},"8":{"start":{"line":11,"column":20},"end":{"line":34,"column":2}},"9":{"start":{"line":12,"column":18},"end":{"line":12,"column":33}},"10":{"start":{"line":13,"column":4},"end":{"line":14,"column":113}},"11":{"start":{"line":14,"column":8},"end":{"line":14,"column":113}},"12":{"start":{"line":15,"column":4},"end":{"line":18,"column":5}},"13":{"start":{"line":16,"column":8},"end":{"line":16,"column":48}},"14":{"start":{"line":17,"column":8},"end":{"line":17,"column":24}},"15":{"start":{"line":20,"column":4},"end":{"line":32,"column":5}},"16":{"start":{"line":21,"column":24},"end":{"line":21,"column":104}},"17":{"start":{"line":22,"column":21},"end":{"line":22,"column":36}},"18":{"start":{"line":23,"column":19},"end":{"line":23,"column":26}},"19":{"start":{"line":24,"column":24},"end":{"line":24,"column":36}},"20":{"start":{"line":25,"column":8},"end":{"line":25,"column":24}},"21":{"start":{"line":26,"column":8},"end":{"line":26,"column":30}},"22":{"start":{"line":27,"column":8},"end":{"line":27,"column":15}},"23":{"start":{"line":30,"column":8},"end":{"line":30,"column":29}},"24":{"start":{"line":31,"column":8},"end":{"line":31,"column":110}},"25":{"start":{"line":35,"column":0},"end":{"line":35,"column":34}}},"fnMap":{"0":{"name":"(anonymous_0)","decl":{"start":{"line":2,"column":56},"end":{"line":2,"column":57}},"loc":{"start":{"line":2,"column":71},"end":{"line":4,"column":1}},"line":2},"1":{"name":"(anonymous_1)","decl":{"start":{"line":11,"column":57},"end":{"line":11,"column":58}},"loc":{"start":{"line":11,"column":83},"end":{"line":34,"column":1}},"line":11}},"branchMap":{"0":{"loc":{"start":{"line":2,"column":22},"end":{"line":4,"column":1}},"type":"binary-expr","locations":[{"start":{"line":2,"column":23},"end":{"line":2,"column":27}},{"start":{"line":2,"column":31},"end":{"line":2,"column":51}},{"start":{"line":2,"column":56},"end":{"line":4,"column":1}}],"line":2},"1":{"loc":{"start":{"line":3,"column":11},"end":{"line":3,"column":61}},"type":"cond-expr","locations":[{"start":{"line":3,"column":37},"end":{"line":3,"column":40}},{"start":{"line":3,"column":43},"end":{"line":3,"column":61}}],"line":3},"2":{"loc":{"start":{"line":3,"column":12},"end":{"line":3,"column":33}},"type":"binary-expr","locations":[{"start":{"line":3,"column":12},"end":{"line":3,"column":15}},{"start":{"line":3,"column":19},"end":{"line":3,"column":33}}],"line":3},"3":{"loc":{"start":{"line":13,"column":4},"end":{"line":14,"column":113}},"type":"if","locations":[{"start":{"line":13,"column":4},"end":{"line":14,"column":113}},{"start":{},"end":{}}],"line":13},"4":{"loc":{"start":{"line":15,"column":4},"end":{"line":18,"column":5}},"type":"if","locations":[{"start":{"line":15,"column":4},"end":{"line":18,"column":5}},{"start":{},"end":{}}],"line":15}},"s":{"0":1,"1":2,"2":1,"3":1,"4":1,"5":1,"6":1,"7":1,"8":1,"9":0,"10":0,"11":0,"12":0,"13":0,"14":0,"15":0,"16":0,"17":0,"18":0,"19":0,"20":0,"21":0,"22":0,"23":0,"24":0,"25":1},"f":{"0":2,"1":0},"b":{"0":[1,1,1],"1":[1,1],"2":[2,2],"3":[0,0],"4":[0,0]},"_coverageSchema":"1a1c01bbd47fc00a2c39e90264f33305004495a9","hash":"2c9b0e5740ae02303f2616c941616d035495be58"}
,"C:\\Users\\ibs13\\Programming\\banner-fulltack-node-react-ts\\server\\dist\\middleware\\error-middleware.js": {"path":"C:\\Users\\ibs13\\Programming\\banner-fulltack-node-react-ts\\server\\dist\\middleware\\error-middleware.js","statementMap":{"0":{"start":{"line":2,"column":0},"end":{"line":2,"column":62}},"1":{"start":{"line":3,"column":0},"end":{"line":3,"column":31}},"2":{"start":{"line":4,"column":22},"end":{"line":10,"column":1}},"3":{"start":{"line":5,"column":4},"end":{"line":9,"column":7}},"4":{"start":{"line":11,"column":0},"end":{"line":11,"column":38}}},"fnMap":{"0":{"name":"(anonymous_0)","decl":{"start":{"line":4,"column":22},"end":{"line":4,"column":23}},"loc":{"start":{"line":4,"column":51},"end":{"line":10,"column":1}},"line":4}},"branchMap":{},"s":{"0":1,"1":1,"2":1,"3":0,"4":1},"f":{"0":0},"b":{},"_coverageSchema":"1a1c01bbd47fc00a2c39e90264f33305004495a9","hash":"d87628bd33c2bbbf906cd10c1f0207027a36846f"}
,"C:\\Users\\ibs13\\Programming\\banner-fulltack-node-react-ts\\server\\dist\\middleware\\errorNOTfound.js": {"path":"C:\\Users\\ibs13\\Programming\\banner-fulltack-node-react-ts\\server\\dist\\middleware\\errorNOTfound.js","statementMap":{"0":{"start":{"line":2,"column":22},"end":{"line":4,"column":1}},"1":{"start":{"line":3,"column":4},"end":{"line":3,"column":62}},"2":{"start":{"line":5,"column":0},"end":{"line":5,"column":62}},"3":{"start":{"line":6,"column":0},"end":{"line":6,"column":48}},"4":{"start":{"line":7,"column":27},"end":{"line":7,"column":56}},"5":{"start":{"line":8,"column":22},"end":{"line":8,"column":70}},"6":{"start":{"line":9,"column":19},"end":{"line":9,"column":47}},"7":{"start":{"line":10,"column":0},"end":{"line":14,"column":3}},"8":{"start":{"line":11,"column":4},"end":{"line":11,"column":29}},"9":{"start":{"line":12,"column":18},"end":{"line":12,"column":112}},"10":{"start":{"line":13,"column":4},"end":{"line":13,"column":16}},"11":{"start":{"line":15,"column":20},"end":{"line":29,"column":1}},"12":{"start":{"line":16,"column":4},"end":{"line":28,"column":5}},"13":{"start":{"line":17,"column":8},"end":{"line":21,"column":11}},"14":{"start":{"line":24,"column":8},"end":{"line":27,"column":11}},"15":{"start":{"line":30,"column":0},"end":{"line":30,"column":34}}},"fnMap":{"0":{"name":"(anonymous_0)","decl":{"start":{"line":2,"column":56},"end":{"line":2,"column":57}},"loc":{"start":{"line":2,"column":71},"end":{"line":4,"column":1}},"line":2},"1":{"name":"(anonymous_1)","decl":{"start":{"line":10,"column":56},"end":{"line":10,"column":57}},"loc":{"start":{"line":10,"column":82},"end":{"line":14,"column":1}},"line":10},"2":{"name":"(anonymous_2)","decl":{"start":{"line":15,"column":20},"end":{"line":15,"column":21}},"loc":{"start":{"line":15,"column":39},"end":{"line":29,"column":1}},"line":15}},"branchMap":{"0":{"loc":{"start":{"line":2,"column":22},"end":{"line":4,"column":1}},"type":"binary-expr","locations":[{"start":{"line":2,"column":23},"end":{"line":2,"column":27}},{"start":{"line":2,"column":31},"end":{"line":2,"column":51}},{"start":{"line":2,"column":56},"end":{"line":4,"column":1}}],"line":2},"1":{"loc":{"start":{"line":3,"column":11},"end":{"line":3,"column":61}},"type":"cond-expr","locations":[{"start":{"line":3,"column":37},"end":{"line":3,"column":40}},{"start":{"line":3,"column":43},"end":{"line":3,"column":61}}],"line":3},"2":{"loc":{"start":{"line":3,"column":12},"end":{"line":3,"column":33}},"type":"binary-expr","locations":[{"start":{"line":3,"column":12},"end":{"line":3,"column":15}},{"start":{"line":3,"column":19},"end":{"line":3,"column":33}}],"line":3},"3":{"loc":{"start":{"line":16,"column":4},"end":{"line":28,"column":5}},"type":"if","locations":[{"start":{"line":16,"column":4},"end":{"line":28,"column":5}},{"start":{"line":23,"column":9},"end":{"line":28,"column":5}}],"line":16}},"s":{"0":1,"1":1,"2":1,"3":1,"4":1,"5":1,"6":1,"7":1,"8":0,"9":0,"10":0,"11":1,"12":0,"13":0,"14":0,"15":1},"f":{"0":1,"1":0,"2":0},"b":{"0":[1,1,1],"1":[1,0],"2":[1,1],"3":[0,0]},"_coverageSchema":"1a1c01bbd47fc00a2c39e90264f33305004495a9","hash":"ca4198c1693dfbb9a9fd39692519bb64559ff30a"}
,"C:\\Users\\ibs13\\Programming\\banner-fulltack-node-react-ts\\server\\dist\\models\\bannersModel.js": {"path":"C:\\Users\\ibs13\\Programming\\banner-fulltack-node-react-ts\\server\\dist\\models\\bannersModel.js","statementMap":{"0":{"start":{"line":2,"column":22},"end":{"line":4,"column":1}},"1":{"start":{"line":3,"column":4},"end":{"line":3,"column":62}},"2":{"start":{"line":5,"column":0},"end":{"line":5,"column":62}},"3":{"start":{"line":6,"column":0},"end":{"line":6,"column":53}},"4":{"start":{"line":7,"column":19},"end":{"line":7,"column":55}},"5":{"start":{"line":8,"column":21},"end":{"line":24,"column":2}},"6":{"start":{"line":25,"column":20},"end":{"line":25,"column":68}},"7":{"start":{"line":26,"column":0},"end":{"line":26,"column":34}},"8":{"start":{"line":28,"column":20},"end":{"line":109,"column":5}},"9":{"start":{"line":110,"column":4},"end":{"line":116,"column":5}},"10":{"start":{"line":111,"column":23},"end":{"line":111,"column":60}},"11":{"start":{"line":112,"column":8},"end":{"line":112,"column":71}},"12":{"start":{"line":115,"column":8},"end":{"line":115,"column":57}},"13":{"start":{"line":118,"column":0},"end":{"line":118,"column":38}}},"fnMap":{"0":{"name":"(anonymous_0)","decl":{"start":{"line":2,"column":56},"end":{"line":2,"column":57}},"loc":{"start":{"line":2,"column":71},"end":{"line":4,"column":1}},"line":2},"1":{"name":"insertBanners","decl":{"start":{"line":27,"column":15},"end":{"line":27,"column":28}},"loc":{"start":{"line":27,"column":31},"end":{"line":117,"column":1}},"line":27}},"branchMap":{"0":{"loc":{"start":{"line":2,"column":22},"end":{"line":4,"column":1}},"type":"binary-expr","locations":[{"start":{"line":2,"column":23},"end":{"line":2,"column":27}},{"start":{"line":2,"column":31},"end":{"line":2,"column":51}},{"start":{"line":2,"column":56},"end":{"line":4,"column":1}}],"line":2},"1":{"loc":{"start":{"line":3,"column":11},"end":{"line":3,"column":61}},"type":"cond-expr","locations":[{"start":{"line":3,"column":37},"end":{"line":3,"column":40}},{"start":{"line":3,"column":43},"end":{"line":3,"column":61}}],"line":3},"2":{"loc":{"start":{"line":3,"column":12},"end":{"line":3,"column":33}},"type":"binary-expr","locations":[{"start":{"line":3,"column":12},"end":{"line":3,"column":15}},{"start":{"line":3,"column":19},"end":{"line":3,"column":33}}],"line":3}},"s":{"0":1,"1":1,"2":1,"3":1,"4":1,"5":1,"6":1,"7":1,"8":0,"9":0,"10":0,"11":0,"12":0,"13":1},"f":{"0":1,"1":0},"b":{"0":[1,1,1],"1":[0,1],"2":[1,1]},"_coverageSchema":"1a1c01bbd47fc00a2c39e90264f33305004495a9","hash":"6e820c4ba254ba3ab07e2ce534c22cf39e172953"}
,"C:\\Users\\ibs13\\Programming\\banner-fulltack-node-react-ts\\server\\dist\\routes\\bannersImage-route.js": {"path":"C:\\Users\\ibs13\\Programming\\banner-fulltack-node-react-ts\\server\\dist\\routes\\bannersImage-route.js","statementMap":{"0":{"start":{"line":2,"column":22},"end":{"line":4,"column":1}},"1":{"start":{"line":3,"column":4},"end":{"line":3,"column":62}},"2":{"start":{"line":5,"column":0},"end":{"line":5,"column":62}},"3":{"start":{"line":6,"column":18},"end":{"line":6,"column":53}},"4":{"start":{"line":7,"column":33},"end":{"line":7,"column":81}},"5":{"start":{"line":8,"column":26},"end":{"line":8,"column":66}},"6":{"start":{"line":9,"column":27},"end":{"line":9,"column":53}},"7":{"start":{"line":10,"column":0},"end":{"line":10,"column":70}},"8":{"start":{"line":11,"column":0},"end":{"line":11,"column":99}},"9":{"start":{"line":12,"column":0},"end":{"line":12,"column":102}},"10":{"start":{"line":13,"column":0},"end":{"line":13,"column":88}},"11":{"start":{"line":14,"column":0},"end":{"line":14,"column":81}},"12":{"start":{"line":15,"column":0},"end":{"line":15,"column":114}},"13":{"start":{"line":16,"column":0},"end":{"line":16,"column":84}},"14":{"start":{"line":17,"column":0},"end":{"line":17,"column":81}},"15":{"start":{"line":18,"column":0},"end":{"line":18,"column":37}}},"fnMap":{"0":{"name":"(anonymous_0)","decl":{"start":{"line":2,"column":56},"end":{"line":2,"column":57}},"loc":{"start":{"line":2,"column":71},"end":{"line":4,"column":1}},"line":2}},"branchMap":{"0":{"loc":{"start":{"line":2,"column":22},"end":{"line":4,"column":1}},"type":"binary-expr","locations":[{"start":{"line":2,"column":23},"end":{"line":2,"column":27}},{"start":{"line":2,"column":31},"end":{"line":2,"column":51}},{"start":{"line":2,"column":56},"end":{"line":4,"column":1}}],"line":2},"1":{"loc":{"start":{"line":3,"column":11},"end":{"line":3,"column":61}},"type":"cond-expr","locations":[{"start":{"line":3,"column":37},"end":{"line":3,"column":40}},{"start":{"line":3,"column":43},"end":{"line":3,"column":61}}],"line":3},"2":{"loc":{"start":{"line":3,"column":12},"end":{"line":3,"column":33}},"type":"binary-expr","locations":[{"start":{"line":3,"column":12},"end":{"line":3,"column":15}},{"start":{"line":3,"column":19},"end":{"line":3,"column":33}}],"line":3}},"s":{"0":1,"1":1,"2":1,"3":1,"4":1,"5":1,"6":1,"7":1,"8":1,"9":1,"10":1,"11":1,"12":1,"13":1,"14":1,"15":1},"f":{"0":1},"b":{"0":[1,1,1],"1":[0,1],"2":[1,1]},"_coverageSchema":"1a1c01bbd47fc00a2c39e90264f33305004495a9","hash":"f5eea1fc357b36520259915a5b95e1d6c5c23f40"}
,"C:\\Users\\ibs13\\Programming\\banner-fulltack-node-react-ts\\server\\dist\\routes\\productRoutes.js": {"path":"C:\\Users\\ibs13\\Programming\\banner-fulltack-node-react-ts\\server\\dist\\routes\\productRoutes.js","statementMap":{"0":{"start":{"line":2,"column":22},"end":{"line":4,"column":1}},"1":{"start":{"line":3,"column":4},"end":{"line":3,"column":62}},"2":{"start":{"line":5,"column":0},"end":{"line":5,"column":62}},"3":{"start":{"line":6,"column":18},"end":{"line":6,"column":53}},"4":{"start":{"line":7,"column":29},"end":{"line":7,"column":90}},"5":{"start":{"line":8,"column":22},"end":{"line":8,"column":48}},"6":{"start":{"line":9,"column":0},"end":{"line":9,"column":82}},"7":{"start":{"line":10,"column":0},"end":{"line":10,"column":86}},"8":{"start":{"line":11,"column":0},"end":{"line":11,"column":93}},"9":{"start":{"line":12,"column":0},"end":{"line":12,"column":99}},"10":{"start":{"line":13,"column":0},"end":{"line":13,"column":98}},"11":{"start":{"line":14,"column":0},"end":{"line":14,"column":32}}},"fnMap":{"0":{"name":"(anonymous_0)","decl":{"start":{"line":2,"column":56},"end":{"line":2,"column":57}},"loc":{"start":{"line":2,"column":71},"end":{"line":4,"column":1}},"line":2}},"branchMap":{"0":{"loc":{"start":{"line":2,"column":22},"end":{"line":4,"column":1}},"type":"binary-expr","locations":[{"start":{"line":2,"column":23},"end":{"line":2,"column":27}},{"start":{"line":2,"column":31},"end":{"line":2,"column":51}},{"start":{"line":2,"column":56},"end":{"line":4,"column":1}}],"line":2},"1":{"loc":{"start":{"line":3,"column":11},"end":{"line":3,"column":61}},"type":"cond-expr","locations":[{"start":{"line":3,"column":37},"end":{"line":3,"column":40}},{"start":{"line":3,"column":43},"end":{"line":3,"column":61}}],"line":3},"2":{"loc":{"start":{"line":3,"column":12},"end":{"line":3,"column":33}},"type":"binary-expr","locations":[{"start":{"line":3,"column":12},"end":{"line":3,"column":15}},{"start":{"line":3,"column":19},"end":{"line":3,"column":33}}],"line":3}},"s":{"0":1,"1":2,"2":1,"3":1,"4":1,"5":1,"6":1,"7":1,"8":1,"9":1,"10":1,"11":1},"f":{"0":2},"b":{"0":[1,1,1],"1":[1,1],"2":[2,2]},"_coverageSchema":"1a1c01bbd47fc00a2c39e90264f33305004495a9","hash":"17ee60f7588b53c443f78f1a6bc211c3107055b5"}
,"C:\\Users\\ibs13\\Programming\\banner-fulltack-node-react-ts\\server\\dist\\routes\\upLoad.js": {"path":"C:\\Users\\ibs13\\Programming\\banner-fulltack-node-react-ts\\server\\dist\\routes\\upLoad.js","statementMap":{"0":{"start":{"line":2,"column":22},"end":{"line":4,"column":1}},"1":{"start":{"line":3,"column":4},"end":{"line":3,"column":62}},"2":{"start":{"line":5,"column":0},"end":{"line":5,"column":62}},"3":{"start":{"line":6,"column":18},"end":{"line":6,"column":53}},"4":{"start":{"line":7,"column":17},"end":{"line":7,"column":51}},"5":{"start":{"line":8,"column":15},"end":{"line":8,"column":47}},"6":{"start":{"line":9,"column":21},"end":{"line":9,"column":47}},"7":{"start":{"line":10,"column":16},"end":{"line":10,"column":18}},"8":{"start":{"line":11,"column":16},"end":{"line":18,"column":2}},"9":{"start":{"line":14,"column":8},"end":{"line":14,"column":26}},"10":{"start":{"line":15,"column":8},"end":{"line":15,"column":62}},"11":{"start":{"line":16,"column":8},"end":{"line":16,"column":36}},"12":{"start":{"line":19,"column":15},"end":{"line":22,"column":20}},"13":{"start":{"line":23,"column":0},"end":{"line":35,"column":3}},"14":{"start":{"line":24,"column":4},"end":{"line":24,"column":26}},"15":{"start":{"line":25,"column":4},"end":{"line":34,"column":7}},"16":{"start":{"line":26,"column":8},"end":{"line":33,"column":9}},"17":{"start":{"line":27,"column":12},"end":{"line":27,"column":29}},"18":{"start":{"line":30,"column":12},"end":{"line":31,"column":76}},"19":{"start":{"line":32,"column":12},"end":{"line":32,"column":15}},"20":{"start":{"line":36,"column":0},"end":{"line":36,"column":31}}},"fnMap":{"0":{"name":"(anonymous_0)","decl":{"start":{"line":2,"column":56},"end":{"line":2,"column":57}},"loc":{"start":{"line":2,"column":71},"end":{"line":4,"column":1}},"line":2},"1":{"name":"(anonymous_1)","decl":{"start":{"line":13,"column":14},"end":{"line":13,"column":15}},"loc":{"start":{"line":13,"column":39},"end":{"line":17,"column":5}},"line":13},"2":{"name":"(anonymous_2)","decl":{"start":{"line":23,"column":28},"end":{"line":23,"column":29}},"loc":{"start":{"line":23,"column":42},"end":{"line":35,"column":1}},"line":23},"3":{"name":"(anonymous_3)","decl":{"start":{"line":25,"column":21},"end":{"line":25,"column":22}},"loc":{"start":{"line":25,"column":30},"end":{"line":34,"column":5}},"line":25}},"branchMap":{"0":{"loc":{"start":{"line":2,"column":22},"end":{"line":4,"column":1}},"type":"binary-expr","locations":[{"start":{"line":2,"column":23},"end":{"line":2,"column":27}},{"start":{"line":2,"column":31},"end":{"line":2,"column":51}},{"start":{"line":2,"column":56},"end":{"line":4,"column":1}}],"line":2},"1":{"loc":{"start":{"line":3,"column":11},"end":{"line":3,"column":61}},"type":"cond-expr","locations":[{"start":{"line":3,"column":37},"end":{"line":3,"column":40}},{"start":{"line":3,"column":43},"end":{"line":3,"column":61}}],"line":3},"2":{"loc":{"start":{"line":3,"column":12},"end":{"line":3,"column":33}},"type":"binary-expr","locations":[{"start":{"line":3,"column":12},"end":{"line":3,"column":15}},{"start":{"line":3,"column":19},"end":{"line":3,"column":33}}],"line":3},"3":{"loc":{"start":{"line":26,"column":8},"end":{"line":33,"column":9}},"type":"if","locations":[{"start":{"line":26,"column":8},"end":{"line":33,"column":9}},{"start":{"line":29,"column":13},"end":{"line":33,"column":9}}],"line":26}},"s":{"0":1,"1":3,"2":1,"3":1,"4":1,"5":1,"6":1,"7":1,"8":1,"9":0,"10":0,"11":0,"12":1,"13":1,"14":0,"15":0,"16":0,"17":0,"18":0,"19":0,"20":1},"f":{"0":3,"1":0,"2":0,"3":0},"b":{"0":[1,1,1],"1":[0,3],"2":[3,3],"3":[0,0]},"_coverageSchema":"1a1c01bbd47fc00a2c39e90264f33305004495a9","hash":"c2fabb6f6a045686fb94bbb5f516df8a350195a0"}
,"C:\\Users\\ibs13\\Programming\\banner-fulltack-node-react-ts\\server\\dist\\routes\\user-route.js": {"path":"C:\\Users\\ibs13\\Programming\\banner-fulltack-node-react-ts\\server\\dist\\routes\\user-route.js","statementMap":{"0":{"start":{"line":2,"column":22},"end":{"line":4,"column":1}},"1":{"start":{"line":3,"column":4},"end":{"line":3,"column":62}},"2":{"start":{"line":5,"column":0},"end":{"line":5,"column":62}},"3":{"start":{"line":6,"column":18},"end":{"line":6,"column":53}},"4":{"start":{"line":7,"column":26},"end":{"line":7,"column":84}},"5":{"start":{"line":8,"column":26},"end":{"line":8,"column":66}},"6":{"start":{"line":9,"column":15},"end":{"line":9,"column":41}},"7":{"start":{"line":10,"column":0},"end":{"line":10,"column":86}},"8":{"start":{"line":11,"column":0},"end":{"line":11,"column":65}},"9":{"start":{"line":12,"column":0},"end":{"line":12,"column":59}},"10":{"start":{"line":13,"column":0},"end":{"line":13,"column":61}},"11":{"start":{"line":14,"column":0},"end":{"line":14,"column":88}},"12":{"start":{"line":15,"column":0},"end":{"line":15,"column":25}}},"fnMap":{"0":{"name":"(anonymous_0)","decl":{"start":{"line":2,"column":56},"end":{"line":2,"column":57}},"loc":{"start":{"line":2,"column":71},"end":{"line":4,"column":1}},"line":2}},"branchMap":{"0":{"loc":{"start":{"line":2,"column":22},"end":{"line":4,"column":1}},"type":"binary-expr","locations":[{"start":{"line":2,"column":23},"end":{"line":2,"column":27}},{"start":{"line":2,"column":31},"end":{"line":2,"column":51}},{"start":{"line":2,"column":56},"end":{"line":4,"column":1}}],"line":2},"1":{"loc":{"start":{"line":3,"column":11},"end":{"line":3,"column":61}},"type":"cond-expr","locations":[{"start":{"line":3,"column":37},"end":{"line":3,"column":40}},{"start":{"line":3,"column":43},"end":{"line":3,"column":61}}],"line":3},"2":{"loc":{"start":{"line":3,"column":12},"end":{"line":3,"column":33}},"type":"binary-expr","locations":[{"start":{"line":3,"column":12},"end":{"line":3,"column":15}},{"start":{"line":3,"column":19},"end":{"line":3,"column":33}}],"line":3}},"s":{"0":1,"1":2,"2":1,"3":1,"4":1,"5":1,"6":1,"7":1,"8":1,"9":1,"10":1,"11":1,"12":1},"f":{"0":2},"b":{"0":[1,1,1],"1":[1,1],"2":[2,2]},"_coverageSchema":"1a1c01bbd47fc00a2c39e90264f33305004495a9","hash":"02541529801b965f3af70fa99ce31b6c28ad0f13"}
,"C:\\Users\\ibs13\\Programming\\banner-fulltack-node-react-ts\\server\\dist\\services\\bannersImage-service.js": {"path":"C:\\Users\\ibs13\\Programming\\banner-fulltack-node-react-ts\\server\\dist\\services\\bannersImage-service.js","statementMap":{"0":{"start":{"line":2,"column":22},"end":{"line":4,"column":1}},"1":{"start":{"line":3,"column":4},"end":{"line":3,"column":62}},"2":{"start":{"line":5,"column":0},"end":{"line":5,"column":62}},"3":{"start":{"line":6,"column":0},"end":{"line":6,"column":254}},"4":{"start":{"line":7,"column":19},"end":{"line":7,"column":47}},"5":{"start":{"line":8,"column":22},"end":{"line":8,"column":70}},"6":{"start":{"line":9,"column":27},"end":{"line":9,"column":61}},"7":{"start":{"line":10,"column":24},"end":{"line":15,"column":1}},"8":{"start":{"line":11,"column":20},"end":{"line":11,"column":67}},"9":{"start":{"line":12,"column":4},"end":{"line":13,"column":104}},"10":{"start":{"line":13,"column":8},"end":{"line":13,"column":104}},"11":{"start":{"line":14,"column":4},"end":{"line":14,"column":19}},"12":{"start":{"line":16,"column":0},"end":{"line":16,"column":42}},"13":{"start":{"line":17,"column":34},"end":{"line":22,"column":1}},"14":{"start":{"line":18,"column":20},"end":{"line":18,"column":87}},"15":{"start":{"line":19,"column":4},"end":{"line":20,"column":123}},"16":{"start":{"line":20,"column":8},"end":{"line":20,"column":123}},"17":{"start":{"line":21,"column":4},"end":{"line":21,"column":19}},"18":{"start":{"line":23,"column":0},"end":{"line":23,"column":62}},"19":{"start":{"line":24,"column":34},"end":{"line":29,"column":1}},"20":{"start":{"line":25,"column":20},"end":{"line":25,"column":89}},"21":{"start":{"line":26,"column":4},"end":{"line":27,"column":122}},"22":{"start":{"line":27,"column":8},"end":{"line":27,"column":122}},"23":{"start":{"line":28,"column":4},"end":{"line":28,"column":19}},"24":{"start":{"line":30,"column":0},"end":{"line":30,"column":62}},"25":{"start":{"line":31,"column":30},"end":{"line":36,"column":1}},"26":{"start":{"line":32,"column":20},"end":{"line":32,"column":79}},"27":{"start":{"line":33,"column":4},"end":{"line":34,"column":120}},"28":{"start":{"line":34,"column":8},"end":{"line":34,"column":120}},"29":{"start":{"line":35,"column":4},"end":{"line":35,"column":19}},"30":{"start":{"line":37,"column":0},"end":{"line":37,"column":54}},"31":{"start":{"line":38,"column":26},"end":{"line":43,"column":1}},"32":{"start":{"line":39,"column":26},"end":{"line":39,"column":89}},"33":{"start":{"line":40,"column":4},"end":{"line":41,"column":121}},"34":{"start":{"line":41,"column":8},"end":{"line":41,"column":121}},"35":{"start":{"line":42,"column":4},"end":{"line":42,"column":25}},"36":{"start":{"line":44,"column":0},"end":{"line":44,"column":46}},"37":{"start":{"line":45,"column":26},"end":{"line":47,"column":1}},"38":{"start":{"line":46,"column":4},"end":{"line":46,"column":84}},"39":{"start":{"line":48,"column":0},"end":{"line":48,"column":46}},"40":{"start":{"line":49,"column":26},"end":{"line":54,"column":1}},"41":{"start":{"line":50,"column":26},"end":{"line":50,"column":83}},"42":{"start":{"line":51,"column":4},"end":{"line":52,"column":121}},"43":{"start":{"line":52,"column":8},"end":{"line":52,"column":121}},"44":{"start":{"line":53,"column":4},"end":{"line":53,"column":25}},"45":{"start":{"line":55,"column":0},"end":{"line":55,"column":46}},"46":{"start":{"line":56,"column":31},"end":{"line":75,"column":1}},"47":{"start":{"line":57,"column":4},"end":{"line":58,"column":32}},"48":{"start":{"line":58,"column":8},"end":{"line":58,"column":32}},"49":{"start":{"line":59,"column":4},"end":{"line":59,"column":35}},"50":{"start":{"line":60,"column":4},"end":{"line":73,"column":5}},"51":{"start":{"line":61,"column":28},"end":{"line":61,"column":296}},"52":{"start":{"line":62,"column":8},"end":{"line":63,"column":117}},"53":{"start":{"line":63,"column":12},"end":{"line":63,"column":117}},"54":{"start":{"line":64,"column":8},"end":{"line":65,"column":175}},"55":{"start":{"line":64,"column":37},"end":{"line":64,"column":58}},"56":{"start":{"line":65,"column":12},"end":{"line":65,"column":175}},"57":{"start":{"line":65,"column":76},"end":{"line":65,"column":97}},"58":{"start":{"line":66,"column":8},"end":{"line":66,"column":27}},"59":{"start":{"line":69,"column":28},"end":{"line":69,"column":92}},"60":{"start":{"line":70,"column":8},"end":{"line":71,"column":104}},"61":{"start":{"line":71,"column":12},"end":{"line":71,"column":104}},"62":{"start":{"line":72,"column":8},"end":{"line":72,"column":27}},"63":{"start":{"line":76,"column":0},"end":{"line":76,"column":56}}},"fnMap":{"0":{"name":"(anonymous_0)","decl":{"start":{"line":2,"column":56},"end":{"line":2,"column":57}},"loc":{"start":{"line":2,"column":71},"end":{"line":4,"column":1}},"line":2},"1":{"name":"(anonymous_1)
[...]
":19}},"loc":{"start":{"line":42,"column":28},"end":{"line":42,"column":45}},"line":42},"12":{"name":"(anonymous_12)","decl":{"start":{"line":45,"column":37},"end":{"line":45,"column":38}},"loc":{"start":{"line":45,"column":57},"end":{"line":57,"column":1}},"line":45},"13":{"name":"(anonymous_13)","decl":{"start":{"line":58,"column":35},"end":{"line":58,"column":36}},"loc":{"start":{"line":58,"column":55},"end":{"line":63,"column":1}},"line":58}},"branchMap":{"0":{"loc":{"start":{"line":2,"column":22},"end":{"line":4,"column":1}},"type":"binary-expr","locations":[{"start":{"line":2,"column":23},"end":{"line":2,"column":27}},{"start":{"line":2,"column":31},"end":{"line":2,"column":51}},{"start":{"line":2,"column":56},"end":{"line":4,"column":1}}],"line":2},"1":{"loc":{"start":{"line":3,"column":11},"end":{"line":3,"column":61}},"type":"cond-expr","locations":[{"start":{"line":3,"column":37},"end":{"line":3,"column":40}},{"start":{"line":3,"column":43},"end":{"line":3,"column":61}}],"line":3},"2":{"loc":{"start":{"line":3,"column":12},"end":{"line":3,"column":33}},"type":"binary-expr","locations":[{"start":{"line":3,"column":12},"end":{"line":3,"column":15}},{"start":{"line":3,"column":19},"end":{"line":3,"column":33}}],"line":3},"3":{"loc":{"start":{"line":26,"column":4},"end":{"line":27,"column":110}},"type":"if","locations":[{"start":{"line":26,"column":4},"end":{"line":27,"column":110}},{"start":{},"end":{}}],"line":26},"4":{"loc":{"start":{"line":33,"column":4},"end":{"line":34,"column":111}},"type":"if","locations":[{"start":{"line":33,"column":4},"end":{"line":34,"column":111}},{"start":{},"end":{}}],"line":33},"5":{"loc":{"start":{"line":40,"column":4},"end":{"line":41,"column":111}},"type":"if","locations":[{"start":{"line":40,"column":4},"end":{"line":41,"column":111}},{"start":{},"end":{}}],"line":40},"6":{"loc":{"start":{"line":47,"column":4},"end":{"line":48,"column":24}},"type":"if","locations":[{"start":{"line":47,"column":4},"end":{"line":48,"column":24}},{"start":{},"end":{}}],"line":47},"7":{"loc":{"start":{"line":60,"column":4},"end":{"line":61,"column":111}},"type":"if","locations":[{"start":{"line":60,"column":4},"end":{"line":61,"column":111}},{"start":{},"end":{}}],"line":60}},"s":{"0":1,"1":2,"2":1,"3":1,"4":1,"5":1,"6":1,"7":0,"8":1,"9":0,"10":1,"11":0,"12":1,"13":0,"14":1,"15":0,"16":1,"17":0,"18":0,"19":0,"20":0,"21":0,"22":0,"23":1,"24":0,"25":0,"26":0,"27":0,"28":0,"29":0,"30":1,"31":0,"32":0,"33":0,"34":0,"35":0,"36":0,"37":1,"38":0,"39":0,"40":0,"41":0,"42":0,"43":0,"44":0,"45":0,"46":0,"47":0,"48":1,"49":0,"50":0,"51":0,"52":0,"53":1},"f":{"0":2,"1":0,"2":0,"3":0,"4":0,"5":0,"6":0,"7":0,"8":0,"9":0,"10":0,"11":0,"12":0,"13":0},"b":{"0":[1,1,1],"1":[2,0],"2":[2,2],"3":[0,0],"4":[0,0],"5":[0,0],"6":[0,0],"7":[0,0]},"_coverageSchema":"1a1c01bbd47fc00a2c39e90264f33305004495a9","hash":"e35d88d463cad808faaf05686f3a8662e86352ec"}
,"C:\\Users\\ibs13\\Programming\\banner-fulltack-node-react-ts\\server\\dist\\services\\user-service.js": {"path":"C:\\Users\\ibs13\\Programming\\banner-fulltack-node-react-ts\\server\\dist\\services\\user-service.js","statementMap":{"0":{"start":{"line":2,"column":22},"end":{"line":4,"column":1}},"1":{"start":{"line":3,"column":4},"end":{"line":3,"column":62}},"2":{"start":{"line":5,"column":0},"end":{"line":5,"column":62}},"3":{"start":{"line":6,"column":19},"end":{"line":6,"column":47}},"4":{"start":{"line":7,"column":22},"end":{"line":7,"column":70}},"5":{"start":{"line":8,"column":18},"end":{"line":8,"column":60}},"6":{"start":{"line":9,"column":26},"end":{"line":9,"column":61}},"7":{"start":{"line":10,"column":15},"end":{"line":10,"column":30}},"8":{"start":{"line":11,"column":17},"end":{"line":19,"column":1}},"9":{"start":{"line":12,"column":17},"end":{"line":12,"column":62}},"10":{"start":{"line":13,"column":4},"end":{"line":14,"column":95}},"11":{"start":{"line":14,"column":8},"end":{"line":14,"column":95}},"12":{"start":{"line":15,"column":30},"end":{"line":15,"column":99}},"13":{"start":{"line":16,"column":4},"end":{"line":17,"column":95}},"14":{"start":{"line":17,"column":8},"end":{"line":17,"column":95}},"15":{"start":{"line":18,"column":4},"end":{"line":18,"column":16}},"16":{"start":{"line":20,"column":21},"end":{"line":33,"column":1}},"17":{"start":{"line":21,"column":32},"end":{"line":21,"column":36}},"18":{"start":{"line":22,"column":4},"end":{"line":22,"column":22}},"19":{"start":{"line":23,"column":27},"end":{"line":23,"column":72}},"20":{"start":{"line":24,"column":4},"end":{"line":25,"column":102}},"21":{"start":{"line":25,"column":8},"end":{"line":25,"column":102}},"22":{"start":{"line":26,"column":27},"end":{"line":26,"column":78}},"23":{"start":{"line":27,"column":4},"end":{"line":27,"column":35}},"24":{"start":{"line":28,"column":4},"end":{"line":28,"column":31}},"25":{"start":{"line":29,"column":20},"end":{"line":29,"column":62}},"26":{"start":{"line":30,"column":4},"end":{"line":31,"column":111}},"27":{"start":{"line":31,"column":8},"end":{"line":31,"column":111}},"28":{"start":{"line":32,"column":4},"end":{"line":32,"column":19}},"29":{"start":{"line":34,"column":20},"end":{"line":39,"column":1}},"30":{"start":{"line":35,"column":18},"end":{"line":35,"column":55}},"31":{"start":{"line":36,"column":4},"end":{"line":37,"column":100}},"32":{"start":{"line":37,"column":8},"end":{"line":37,"column":100}},"33":{"start":{"line":38,"column":4},"end":{"line":38,"column":17}},"34":{"start":{"line":40,"column":19},"end":{"line":45,"column":1}},"35":{"start":{"line":41,"column":17},"end":{"line":41,"column":59}},"36":{"start":{"line":42,"column":4},"end":{"line":43,"column":100}},"37":{"start":{"line":43,"column":8},"end":{"line":43,"column":100}},"38":{"start":{"line":44,"column":4},"end":{"line":44,"column":16}},"39":{"start":{"line":46,"column":0},"end":{"line":51,"column":2}}},"fnMap":{"0":{"name":"(anonymous_0)","decl":{"start":{"line":2,"column":56},"end":{"line":2,"column":57}},"loc":{"start":{"line":2,"column":71},"end":{"line":4,"column":1}},"line":2},"1":{"name":"(anonymous_1)","decl":{"start":{"line":11,"column":17},"end":{"line":11,"column":18}},"loc":{"start":{"line":11,"column":44},"end":{"line":19,"column":1}},"line":11},"2":{"name":"(anonymous_2)","decl":{"start":{"line":20,"column":21},"end":{"line":20,"column":22}},"loc":{"start":{"line":20,"column":37},"end":{"line":33,"column":1}},"line":20},"3":{"name":"(anonymous_3)","decl":{"start":{"line":34,"column":20},"end":{"line":34,"column":21}},"loc":{"start":{"line":34,"column":32},"end":{"line":39,"column":1}},"line":34},"4":{"name":"(anonymous_4)","decl":{"start":{"line":40,"column":19},"end":{"line":40,"column":20}},"loc":{"start":{"line":40,"column":37},"end":{"line":45,"column":1}},"line":40}},"branchMap":{"0":{"loc":{"start":{"line":2,"column":22},"end":{"line":4,"column":1}},"type":"binary-expr","locations":[{"start":{"line":2,"column":23},"end":{"line":2,"column":27}},{"start":{"line":2,"column":31},"end":{"line":2,"column":51}},{"start":{"line":2,"column":56},"end":{"line":4,"column":1}}],"line":2},"1":{"loc":{"start":{"line":3,"column":11},"end":{"line":3,"column":61}},"type":"cond-expr","locations":[{"start":{"line":3,"column":37},"end":{"line":3,"column":40}},{"start":{"line":3,"column":43},"end":{"line":3,"column":61}}],"line":3},"2":{"loc":{"start":{"line":3,"column":12},"end":{"line":3,"column":33}},"type":"binary-expr","locations":[{"start":{"line":3,"column":12},"end":{"line":3,"column":15}},{"start":{"line":3,"column":19},"end":{"line":3,"column":33}}],"line":3},"3":{"loc":{"start":{"line":13,"column":4},"end":{"line":14,"column":95}},"type":"if","locations":[{"start":{"line":13,"column":4},"end":{"line":14,"column":95}},{"start":{},"end":{}}],"line":13},"4":{"loc":{"start":{"line":16,"column":4},"end":{"line":17,"column":95}},"type":"if","locations":[{"start":{"line":16,"column":4},"end":{"line":17,"column":95}},{"start":{},"end":{}}],"line":16},"5":{"loc":{"start":{"line":24,"column":4},"end":{"line":25,"column":102}},"type":"if","locations":[{"start":{"line":24,"column":4},"end":{"line":25,"column":102}},{"start":{},"end":{}}],"line":24},"6":{"loc":{"start":{"line":30,"column":4},"end":{"line":31,"column":111}},"type":"if","locations":[{"start":{"line":30,"column":4},"end":{"line":31,"column":111}},{"start":{},"end":{}}],"line":30},"7":{"loc":{"start":{"line":36,"column":4},"end":{"line":37,"column":100}},"type":"if","locations":[{"start":{"line":36,"column":4},"end":{"line":37,"column":100}},{"start":{},"end":{}}],"line":36},"8":{"loc":{"start":{"line":42,"column":4},"end":{"line":43,"column":100}},"type":"if","locations":[{"start":{"line":42,"column":4},"end":{"line":43,"column":100}},{"start":{},"end":{}}],"line":42}},"s":{"0":1,"1":2,"2":1,"3":1,"4":1,"5":1,"6":1,"7":1,"8":1,"9":0,"10":0,"11":0,"12":0,"13":0,"14":0,"15":0,"16":1,"17":0,"18":0,"19":0,"20":0,"21":0,"22":0,"23":0,"24":0,"25":0,"26":0,"27":0,"28":0,"29":1,"30":0,"31":0,"32":0,"33":0,"34":1,"35":0,"36":0,"37":0,"38":0,"39":1},"f":{"0":2,"1":0,"2":0,"3":0,"4":0},"b":{"0":[1,1,1],"1":[2,0],"2":[2,2],"3":[0,0],"4":[0,0],"5":[0,0],"6":[0,0],"7":[0,0],"8":[0,0]},"_coverageSchema":"1a1c01bbd47fc00a2c39e90264f33305004495a9","hash":"1d1d85aa4ae13860c1df3f365b0c0a4225286864"}
,"C:\\Users\\ibs13\\Programming\\banner-fulltack-node-react-ts\\server\\dist\\utils\\ApiError.js": {"path":"C:\\Users\\ibs13\\Programming\\banner-fulltack-node-react-ts\\server\\dist\\utils\\ApiError.js","statementMap":{"0":{"start":{"line":2,"column":0},"end":{"line":2,"column":62}},"1":{"start":{"line":3,"column":0},"end":{"line":3,"column":26}},"2":{"start":{"line":9,"column":8},"end":{"line":9,"column":23}},"3":{"start":{"line":10,"column":8},"end":{"line":10,"column":37}},"4":{"start":{"line":11,"column":8},"end":{"line":11,"column":25}},"5":{"start":{"line":14,"column":0},"end":{"line":14,"column":28}}},"fnMap":{"0":{"name":"(anonymous_0)","decl":{"start":{"line":8,"column":4},"end":{"line":8,"column":5}},"loc":{"start":{"line":8,"column":43},"end":{"line":12,"column":5}},"line":8}},"branchMap":{},"s":{"0":1,"1":1,"2":0,"3":0,"4":0,"5":1},"f":{"0":0},"b":{},"_coverageSchema":"1a1c01bbd47fc00a2c39e90264f33305004495a9","hash":"e92906081ff0ab28dcf7b0deee24bde9a8e89466"}
,"C:\\Users\\ibs13\\Programming\\banner-fulltack-node-react-ts\\server\\dist\\utils\\ApiSucess.js": {"path":"C:\\Users\\ibs13\\Programming\\banner-fulltack-node-react-ts\\server\\dist\\utils\\ApiSucess.js","statementMap":{"0":{"start":{"line":2,"column":0},"end":{"line":2,"column":62}},"1":{"start":{"line":3,"column":0},"end":{"line":3,"column":28}},"2":{"start":{"line":9,"column":8},"end":{"line":9,"column":28}},"3":{"start":{"line":10,"column":8},"end":{"line":10,"column":25}},"4":{"start":{"line":11,"column":8},"end":{"line":13,"column":9}},"5":{"start":{"line":12,"column":12},"end":{"line":12,"column":35}},"6":{"start":{"line":16,"column":0},"end":{"line":16,"column":32}}},"fnMap":{"0":{"name":"(anonymous_0)","decl":{"start":{"line":8,"column":4},"end":{"line":8,"column":5}},"loc":{"start":{"line":8,"column":31},"end":{"line":14,"column":5}},"line":8}},"branchMap":{"0":{"loc":{"start":{"line":11,"column":8},"end":{"line":13,"column":9}},"type":"if","locations":[{"start":{"line":11,"column":8},"end":{"line":13,"column":9}},{"start":{},"end":{}}],"line":11}},"s":{"0":1,"1":1,"2":0,"3":0,"4":0,"5":0,"6":1},"f":{"0":0},"b":{"0":[0,0]},"_coverageSchema":"1a1c01bbd47fc00a2c39e90264f33305004495a9","hash":"c0d4cb7c029c3f8d186cf81cc64ed5ab4b1fd1d2"}
,"C:\\Users\\ibs13\\Programming\\banner-fulltack-node-react-ts\\server\\dist\\utils\\StatusCodes.js": {"path":"C:\\Users\\ibs13\\Programming\\banner-fulltack-node-react-ts\\server\\dist\\utils\\StatusCodes.js","statementMap":{"0":{"start":{"line":2,"column":0},"end":{"line":2,"column":62}},"1":{"start":{"line":3,"column":21},"end":{"line":27,"column":1}},"2":{"start":{"line":28,"column":0},"end":{"line":28,"column":31}}},"fnMap":{},"branchMap":{},"s":{"0":1,"1":1,"2":1},"f":{},"b":{},"_coverageSchema":"1a1c01bbd47fc00a2c39e90264f33305004495a9","hash":"7b0f2d51cb0762c8f54c96aaa8e8c7360854714a"}
,"C:\\Users\\ibs13\\Programming\\banner-fulltack-node-react-ts\\server\\dist\\utils\\encryptionUtils.js": {"path":"C:\\Users\\ibs13\\Programming\\banner-fulltack-node-react-ts\\server\\dist\\utils\\encryptionUtils.js","statementMap":{"0":{"start":{"line":2,"column":22},"end":{"line":4,"column":1}},"1":{"start":{"line":3,"column":4},"end":{"line":3,"column":62}},"2":{"start":{"line":5,"column":0},"end":{"line":5,"column":62}},"3":{"start":{"line":6,"column":0},"end":{"line":6,"column":56}},"4":{"start":{"line":7,"column":17},"end":{"line":7,"column":51}},"5":{"start":{"line":8,"column":21},"end":{"line":11,"column":1}},"6":{"start":{"line":9,"column":17},"end":{"line":9,"column":51}},"7":{"start":{"line":10,"column":4},"end":{"line":10,"column":55}},"8":{"start":{"line":12,"column":0},"end":{"line":12,"column":36}},"9":{"start":{"line":13,"column":24},"end":{"line":15,"column":1}},"10":{"start":{"line":14,"column":4},"end":{"line":14,"column":68}},"11":{"start":{"line":16,"column":0},"end":{"line":16,"column":42}}},"fnMap":{"0":{"name":"(anonymous_0)","decl":{"start":{"line":2,"column":56},"end":{"line":2,"column":57}},"loc":{"start":{"line":2,"column":71},"end":{"line":4,"column":1}},"line":2},"1":{"name":"(anonymous_1)","decl":{"start":{"line":8,"column":21},"end":{"line":8,"column":22}},"loc":{"start":{"line":8,"column":41},"end":{"line":11,"column":1}},"line":8},"2":{"name":"(anonymous_2)","decl":{"start":{"line":13,"column":24},"end":{"line":13,"column":25}},"loc":{"start":{"line":13,"column":60},"end":{"line":15,"column":1}},"line":13}},"branchMap":{"0":{"loc":{"start":{"line":2,"column":22},"end":{"line":4,"column":1}},"type":"binary-expr","locations":[{"start":{"line":2,"column":23},"end":{"line":2,"column":27}},{"start":{"line":2,"column":31},"end":{"line":2,"column":51}},{"start":{"line":2,"column":56},"end":{"line":4,"column":1}}],"line":2},"1":{"loc":{"start":{"line":3,"column":11},"end":{"line":3,"column":61}},"type":"cond-expr","locations":[{"start":{"line":3,"column":37},"end":{"line":3,"column":40}},{"start":{"line":3,"column":43},"end":{"line":3,"column":61}}],"line":3},"2":{"loc":{"start":{"line":3,"column":12},"end":{"line":3,"column":33}},"type":"binary-expr","locations":[{"start":{"line":3,"column":12},"end":{"line":3,"column":15}},{"start":{"line":3,"column":19},"end":{"line":3,"column":33}}],"line":3}},"s":{"0":1,"1":1,"2":1,"3":1,"4":1,"5":1,"6":0,"7":0,"8":1,"9":1,"10":0,"11":1},"f":{"0":1,"1":0,"2":0},"b":{"0":[1,1,1],"1":[0,1],"2":[1,1]},"_coverageSchema":"1a1c01bbd47fc00a2c39e90264f33305004495a9","hash":"6a1bb654edf19cb9b0c965b7627814f62b0ec7d7"}
,"C:\\Users\\ibs13\\Programming\\banner-fulltack-node-react-ts\\server\\dist\\utils\\jwtUtils.js": {"path":"C:\\Users\\ibs13\\Programming\\banner-fulltack-node-react-ts\\server\\dist\\utils\\jwtUtils.js","statementMap":{"0":{"start":{"line":2,"column":22},"end":{"line":4,"column":1}},"1":{"start":{"line":3,"column":4},"end":{"line":3,"column":62}},"2":{"start":{"line":5,"column":0},"end":{"line":5,"column":62}},"3":{"start":{"line":6,"column":23},"end":{"line":6,"column":63}},"4":{"start":{"line":7,"column":22},"end":{"line":25,"column":1}},"5":{"start":{"line":8,"column":4},"end":{"line":11,"column":5}},"6":{"start":{"line":9,"column":8},"end":{"line":9,"column":48}},"7":{"start":{"line":10,"column":8},"end":{"line":10,"column":24}},"8":{"start":{"line":13,"column":18},"end":{"line":18,"column":6}},"9":{"start":{"line":19,"column":4},"end":{"line":24,"column":7}},"10":{"start":{"line":26,"column":0},"end":{"line":26,"column":32}}},"fnMap":{"0":{"name":"(anonymous_0)","decl":{"start":{"line":2,"column":56},"end":{"line":2,"column":57}},"loc":{"start":{"line":2,"column":71},"end":{"line":4,"column":1}},"line":2},"1":{"name":"(anonymous_1)","decl":{"start":{"line":7,"column":22},"end":{"line":7,"column":23}},"loc":{"start":{"line":7,"column":48},"end":{"line":25,"column":1}},"line":7}},"branchMap":{"0":{"loc":{"start":{"line":2,"column":22},"end":{"line":4,"column":1}},"type":"binary-expr","locations":[{"start":{"line":2,"column":23},"end":{"line":2,"column":27}},{"start":{"line":2,"column":31},"end":{"line":2,"column":51}},{"start":{"line":2,"column":56},"end":{"line":4,"column":1}}],"line":2},"1":{"loc":{"start":{"line":3,"column":11},"end":{"line":3,"column":61}},"type":"cond-expr","locations":[{"start":{"line":3,"column":37},"end":{"line":3,"column":40}},{"start":{"line":3,"column":43},"end":{"line":3,"column":61}}],"line":3},"2":{"loc":{"start":{"line":3,"column":12},"end":{"line":3,"column":33}},"type":"binary-expr","locations":[{"start":{"line":3,"column":12},"end":{"line":3,"column":15}},{"start":{"line":3,"column":19},"end":{"line":3,"column":33}}],"line":3},"3":{"loc":{"start":{"line":8,"column":4},"end":{"line":11,"column":5}},"type":"if","locations":[{"start":{"line":8,"column":4},"end":{"line":11,"column":5}},{"start":{},"end":{}}],"line":8}},"s":{"0":1,"1":1,"2":1,"3":1,"4":1,"5":0,"6":0,"7":0,"8":0,"9":0,"10":1},"f":{"0":1,"1":0},"b":{"0":[1,1,1],"1":[0,1],"2":[1,1],"3":[0,0]},"_coverageSchema":"1a1c01bbd47fc00a2c39e90264f33305004495a9","hash":"56b9f91b300e6cb9e6d8ea9cb670f83116bff293"}
,"C:\\Users\\ibs13\\Programming\\banner-fulltack-node-react-ts\\server\\dist\\utils\\validations\\userValidation.js": {"path":"C:\\Users\\ibs13\\Programming\\banner-fulltack-node-react-ts\\server\\dist\\utils\\validations\\userValidation.js","statementMap":{"0":{"start":{"line":2,"column":22},"end":{"line":4,"column":1}},"1":{"start":{"line":3,"column":4},"end":{"line":3,"column":62}},"2":{"start":{"line":5,"column":0},"end":{"line":5,"column":62}},"3":{"start":{"line":6,"column":0},"end":{"line":6,"column":70}},"4":{"start":{"line":7,"column":14},"end":{"line":7,"column":45}},"5":{"start":{"line":8,"column":31},"end":{"line":30,"column":1}},"6":{"start":{"line":9,"column":19},"end":{"line":28,"column":6}},"7":{"start":{"line":29,"column":4},"end":{"line":29,"column":33}},"8":{"start":{"line":31,"column":0},"end":{"line":31,"column":56}},"9":{"start":{"line":32,"column":28},"end":{"line":50,"column":1}},"10":{"start":{"line":33,"column":19},"end":{"line":48,"column":6}},"11":{"start":{"line":49,"column":4},"end":{"line":49,"column":33}},"12":{"start":{"line":51,"column":0},"end":{"line":51,"column":50}}},"fnMap":{"0":{"name":"(anonymous_0)","decl":{"start":{"line":2,"column":56},"end":{"line":2,"column":57}},"loc":{"start":{"line":2,"column":71},"end":{"line":4,"column":1}},"line":2},"1":{"name":"(anonymous_1)","decl":{"start":{"line":8,"column":31},"end":{"line":8,"column":32}},"loc":{"start":{"line":8,"column":41},"end":{"line":30,"column":1}},"line":8},"2":{"name":"(anonymous_2)","decl":{"start":{"line":32,"column":28},"end":{"line":32,"column":29}},"loc":{"start":{"line":32,"column":38},"end":{"line":50,"column":1}},"line":32}},"branchMap":{"0":{"loc":{"start":{"line":2,"column":22},"end":{"line":4,"column":1}},"type":"binary-expr","locations":[{"start":{"line":2,"column":23},"end":{"line":2,"column":27}},{"start":{"line":2,"column":31},"end":{"line":2,"column":51}},{"start":{"line":2,"column":56},"end":{"line":4,"column":1}}],"line":2},"1":{"loc":{"start":{"line":3,"column":11},"end":{"line":3,"column":61}},"type":"cond-expr","locations":[{"start":{"line":3,"column":37},"end":{"line":3,"column":40}},{"start":{"line":3,"column":43},"end":{"line":3,"column":61}}],"line":3},"2":{"loc":{"start":{"line":3,"column":12},"end":{"line":3,"column":33}},"type":"binary-expr","locations":[{"start":{"line":3,"column":12},"end":{"line":3,"column":15}},{"start":{"line":3,"column":19},"end":{"line":3,"column":33}}],"line":3}},"s":{"0":1,"1":1,"2":1,"3":1,"4":1,"5":1,"6":0,"7":0,"8":1,"9":1,"10":0,"11":0,"12":1},"f":{"0":1,"1":0,"2":0},"b":{"0":[1,1,1],"1":[0,1],"2":[1,1]},"_coverageSchema":"1a1c01bbd47fc00a2c39e90264f33305004495a9","hash":"2dc1af5a142dc7d4259767639e0b31b9725e00cc"}
}
