TN:
SF:dist\server.js
FN:2,(anonymous_0)
FN:42,(anonymous_1)
FN:44,(anonymous_2)
FN:47,(anonymous_3)
FNF:4
FNH:3
FNDA:12,(anonymous_0)
FNDA:1,(anonymous_1)
FNDA:1,(anonymous_2)
FNDA:0,(anonymous_3)
DA:2,1
DA:3,12
DA:5,1
DA:6,1
DA:7,1
DA:8,1
DA:9,1
DA:10,1
DA:11,1
DA:12,1
DA:13,1
DA:14,1
DA:15,1
DA:16,1
DA:17,1
DA:18,1
DA:19,1
DA:20,1
DA:21,1
DA:22,1
DA:23,1
DA:24,1
DA:25,1
DA:26,1
DA:27,1
DA:28,1
DA:29,1
DA:30,1
DA:34,1
DA:35,1
DA:36,1
DA:37,1
DA:38,1
DA:39,1
DA:40,1
DA:41,1
DA:42,1
DA:43,1
DA:44,1
DA:45,1
DA:47,0
LF:41
LH:40
BRDA:2,0,0,1
BRDA:2,0,1,1
BRDA:2,0,2,1
BRDA:3,1,0,5
BRDA:3,1,1,7
BRDA:3,2,0,12
BRDA:3,2,1,12
BRDA:21,3,0,1
BRDA:21,3,1,1
BRDA:22,4,0,1
BRDA:22,4,1,1
BRDA:23,5,0,1
BRDA:23,5,1,1
BRF:13
BRH:13
end_of_record
TN:
SF:dist\configs\mongoDBConnect.js
FN:2,(anonymous_0)
FN:7,(anonymous_1)
FNF:2
FNH:2
FNDA:1,(anonymous_0)
FNDA:1,(anonymous_1)
DA:2,1
DA:3,1
DA:5,1
DA:6,1
DA:7,1
DA:8,1
DA:9,1
DA:10,0
DA:11,0
DA:13,1
DA:14,1
DA:17,0
DA:18,0
DA:19,0
DA:25,1
LF:15
LH:10
BRDA:2,0,0,1
BRDA:2,0,1,1
BRDA:2,0,2,1
BRDA:3,1,0,0
BRDA:3,1,1,1
BRDA:3,2,0,1
BRDA:3,2,1,1
BRDA:9,3,0,0
BRDA:9,3,1,1
BRDA:17,4,0,0
BRDA:17,4,1,0
BRF:11
BRH:7
end_of_record
TN:
SF:dist\configs\pgConnect.js
FNF:0
FNH:0
DA:2,1
DA:3,1
DA:4,1
DA:5,1
LF:4
LH:4
BRF:0
BRH:0
end_of_record
TN:
SF:dist\controllers\bannerImage-controller.js
FN:2,(anonymous_0)
FN:11,(anonymous_1)
FN:18,(anonymous_2)
FN:27,(anonymous_3)
FN:36,(anonymous_4)
FN:45,(anonymous_5)
FN:54,(anonymous_6)
FN:63,(anonymous_7)
FN:72,(anonymous_8)
FNF:9
FNH:3
FNDA:1,(anonymous_0)
FNDA:0,(anonymous_1)
FNDA:1,(anonymous_2)
FNDA:0,(anonymous_3)
FNDA:1,(anonymous_4)
FNDA:0,(anonymous_5)
FNDA:0,(anonymous_6)
FNDA:0,(anonymous_7)
FNDA:0,(anonymous_8)
DA:2,1
DA:3,1
DA:5,1
DA:6,1
DA:7,1
DA:8,1
DA:9,1
DA:10,1
DA:11,1
DA:12,0
DA:13,0
DA:14,0
DA:16,0
DA:18,1
DA:19,1
DA:20,1
DA:21,0
DA:22,0
DA:25,0
DA:27,1
DA:28,0
DA:29,0
DA:30,0
DA:31,0
DA:34,0
DA:36,1
DA:37,1
DA:38,1
DA:39,0
DA:40,0
DA:43,0
DA:45,1
DA:46,0
DA:47,0
DA:48,0
DA:49,0
DA:52,0
DA:54,1
DA:55,0
DA:56,0
DA:57,0
DA:58,0
DA:61,0
DA:63,1
DA:64,0
DA:65,0
DA:66,0
DA:67,0
DA:70,0
DA:72,1
DA:73,0
DA:74,0
DA:75,0
DA:76,0
DA:77,0
LF:55
LH:20
BRDA:2,0,0,1
BRDA:2,0,1,1
BRDA:2,0,2,1
BRDA:3,1,0,1
BRDA:3,1,1,0
BRDA:3,2,0,1
BRDA:3,2,1,1
BRDA:13,3,0,0
BRDA:13,3,1,0
BRDA:21,4,0,0
BRDA:21,4,1,0
BRDA:30,5,0,0
BRDA:30,5,1,0
BRDA:39,6,0,0
BRDA:39,6,1,0
BRDA:48,7,0,0
BRDA:48,7,1,0
BRDA:57,8,0,0
BRDA:57,8,1,0
BRDA:66,9,0,0
BRDA:66,9,1,0
BRDA:74,10,0,0
BRDA:74,10,1,0
BRF:23
BRH:6
end_of_record
TN:
SF:dist\controllers\productControllers.js
FN:2,(anonymous_0)
FN:11,(anonymous_1)
FN:19,(anonymous_2)
FN:27,(anonymous_3)
FN:36,(anonymous_4)
FN:43,(anonymous_5)
FNF:6
FNH:1
FNDA:2,(anonymous_0)
FNDA:0,(anonymous_1)
FNDA:0,(anonymous_2)
FNDA:0,(anonymous_3)
FNDA:0,(anonymous_4)
FNDA:0,(anonymous_5)
DA:2,1
DA:3,2
DA:5,1
DA:6,1
DA:7,1
DA:8,1
DA:9,1
DA:10,1
DA:11,1
DA:12,0
DA:13,0
DA:14,0
DA:17,0
DA:19,1
DA:20,0
DA:21,0
DA:22,0
DA:25,0
DA:27,1
DA:28,0
DA:29,0
DA:30,0
DA:31,0
DA:34,0
DA:36,1
DA:37,0
DA:38,0
DA:39,0
DA:40,0
DA:41,0
DA:43,1
DA:44,0
DA:45,0
DA:46,0
DA:47,0
DA:48,0
DA:50,1
LF:37
LH:14
BRDA:2,0,0,1
BRDA:2,0,1,1
BRDA:2,0,2,1
BRDA:3,1,0,2
BRDA:3,1,1,0
BRDA:3,2,0,2
BRDA:3,2,1,2
BRDA:13,3,0,0
BRDA:13,3,1,0
BRDA:21,4,0,0
BRDA:21,4,1,0
BRDA:30,5,0,0
BRDA:30,5,1,0
BRDA:39,6,0,0
BRDA:39,6,1,0
BRDA:46,7,0,0
BRDA:46,7,1,0
BRF:17
BRH:6
end_of_record
TN:
SF:dist\controllers\user-controller.js
FN:2,(anonymous_0)
FN:15,(anonymous_1)
FN:20,(anonymous_2)
FN:30,(anonymous_3)
FN:37,(anonymous_4)
FN:44,(anonymous_5)
FN:50,(anonymous_6)
FNF:7
FNH:1
FNDA:4,(anonymous_0)
FNDA:0,(anonymous_1)
FNDA:0,(anonymous_2)
FNDA:0,(anonymous_3)
FNDA:0,(anonymous_4)
FNDA:0,(anonymous_5)
FNDA:0,(anonymous_6)
DA:2,1
DA:3,4
DA:5,1
DA:6,1
DA:7,1
DA:8,1
DA:9,1
DA:10,1
DA:11,1
DA:12,1
DA:13,1
DA:14,1
DA:15,1
DA:16,0
DA:17,0
DA:18,0
DA:19,0
DA:20,0
DA:21,0
DA:22,0
DA:25,0
DA:26,0
DA:27,0
DA:28,0
DA:30,1
DA:31,0
DA:32,0
DA:33,0
DA:34,0
DA:35,0
DA:37,1
DA:38,0
DA:42,0
DA:44,1
DA:45,0
DA:46,0
DA:47,0
DA:48,0
DA:50,1
DA:51,0
DA:52,0
DA:54,1
LF:42
LH:18
BRDA:2,0,0,1
BRDA:2,0,1,1
BRDA:2,0,2,1
BRDA:3,1,0,3
BRDA:3,1,1,1
BRDA:3,2,0,4
BRDA:3,2,1,4
BRDA:17,3,0,0
BRDA:17,3,1,0
BRDA:19,4,0,0
BRDA:19,4,1,0
BRDA:21,5,0,0
BRDA:21,5,1,0
BRDA:32,6,0,0
BRDA:32,6,1,0
BRDA:45,7,0,0
BRDA:45,7,1,0
BRF:17
BRH:7
end_of_record
TN:
SF:dist\dal\bannersImage-dal.js
FN:2,(anonymous_0)
FN:10,(anonymous_1)
FN:20,(anonymous_2)
FN:30,(anonymous_3)
FN:40,(anonymous_4)
FN:50,(anonymous_5)
FN:60,(anonymous_6)
FN:71,(anonymous_7)
FN:81,(anonymous_8)
FNF:9
FNH:3
FNDA:1,(anonymous_0)
FNDA:0,(anonymous_1)
FNDA:1,(anonymous_2)
FNDA:0,(anonymous_3)
FNDA:1,(anonymous_4)
FNDA:0,(anonymous_5)
FNDA:0,(anonymous_6)
FNDA:0,(anonymous_7)
FNDA:0,(anonymous_8)
DA:2,1
DA:3,1
DA:5,1
DA:6,1
DA:7,1
DA:8,1
DA:9,1
DA:10,1
DA:11,0
DA:12,0
DA:13,0
DA:16,0
DA:19,1
DA:20,1
DA:21,1
DA:22,1
DA:23,0
DA:26,0
DA:29,1
DA:30,1
DA:31,0
DA:32,0
DA:33,0
DA:36,0
DA:39,1
DA:40,1
DA:41,1
DA:42,1
DA:43,0
DA:46,0
DA:49,1
DA:50,1
DA:51,0
DA:52,0
DA:53,0
DA:56,0
DA:59,1
DA:60,1
DA:61,0
DA:62,0
DA:63,0
DA:66,0
DA:70,1
DA:71,1
DA:72,0
DA:73,0
DA:74,0
DA:77,0
DA:80,1
DA:81,1
DA:82,0
DA:83,0
DA:84,0
DA:85,0
DA:87,0
DA:88,0
DA:90,0
DA:91,0
DA:94,0
DA:97,1
LF:60
LH:27
BRDA:2,0,0,1
BRDA:2,0,1,1
BRDA:2,0,2,1
BRDA:3,1,0,1
BRDA:3,1,1,0
BRDA:3,2,0,1
BRDA:3,2,1,1
BRDA:84,3,0,0
BRDA:84,3,1,0
BRDA:87,4,0,0
BRDA:87,4,1,0
BRF:11
BRH:6
end_of_record
TN:
SF:dist\dal\productsDal.js
FN:2,(anonymous_0)
FN:8,(anonymous_1)
FN:21,(anonymous_2)
FN:34,(anonymous_3)
FN:46,(anonymous_4)
FN:59,(anonymous_5)
FNF:6
FNH:1
FNDA:1,(anonymous_0)
FNDA:0,(anonymous_1)
FNDA:0,(anonymous_2)
FNDA:0,(anonymous_3)
FNDA:0,(anonymous_4)
FNDA:0,(anonymous_5)
DA:2,1
DA:3,1
DA:5,1
DA:6,1
DA:7,1
DA:8,1
DA:9,0
DA:10,0
DA:11,0
DA:12,0
DA:13,0
DA:14,0
DA:17,0
DA:21,1
DA:22,0
DA:23,0
DA:24,0
DA:25,0
DA:26,0
DA:27,0
DA:30,0
DA:34,1
DA:35,0
DA:36,0
DA:37,0
DA:38,0
DA:39,0
DA:40,0
DA:43,0
DA:46,1
DA:47,0
DA:48,0
DA:49,0
DA:50,0
DA:51,0
DA:52,0
DA:55,0
DA:59,1
DA:60,0
DA:61,0
DA:62,0
DA:63,0
DA:64,0
DA:65,0
DA:68,0
DA:72,1
LF:46
LH:11
BRDA:2,0,0,1
BRDA:2,0,1,1
BRDA:2,0,2,1
BRDA:3,1,0,1
BRDA:3,1,1,0
BRDA:3,2,0,1
BRDA:3,2,1,1
BRDA:11,3,0,0
BRDA:11,3,1,0
BRDA:24,4,0,0
BRDA:24,4,1,0
BRDA:37,5,0,0
BRDA:37,5,1,0
BRDA:49,6,0,0
BRDA:49,6,1,0
BRDA:62,7,0,0
BRDA:62,7,1,0
BRF:17
BRH:6
end_of_record
TN:
SF:dist\dal\userDal.js
FN:2,(anonymous_0)
FN:9,(anonymous_1)
FN:30,(anonymous_2)
FN:51,(anonymous_3)
FN:72,(anonymous_4)
FNF:5
FNH:1
FNDA:2,(anonymous_0)
FNDA:0,(anonymous_1)
FNDA:0,(anonymous_2)
FNDA:0,(anonymous_3)
FNDA:0,(anonymous_4)
DA:2,1
DA:3,2
DA:5,1
DA:6,1
DA:7,1
DA:8,1
DA:9,1
DA:11,0
DA:12,0
DA:13,0
DA:14,0
DA:15,0
DA:18,0
DA:21,0
DA:25,0
DA:26,0
DA:27,0
DA:30,1
DA:32,0
DA:33,0
DA:34,0
DA:35,0
DA:36,0
DA:39,0
DA:42,0
DA:46,0
DA:47,0
DA:48,0
DA:51,1
DA:53,0
DA:54,0
DA:55,0
DA:56,0
DA:57,0
DA:60,0
DA:63,0
DA:67,0
DA:68,0
DA:69,0
DA:72,1
DA:74,0
DA:75,0
DA:76,0
DA:77,0
DA:78,0
DA:81,0
DA:84,0
DA:89,0
DA:90,0
DA:91,0
DA:95,1
LF:51
LH:11
BRDA:2,0,0,1
BRDA:2,0,1,1
BRDA:2,0,2,1
BRDA:3,1,0,2
BRDA:3,1,1,0
BRDA:3,2,0,2
BRDA:3,2,1,2
BRDA:25,3,0,0
BRDA:25,3,1,0
BRDA:46,4,0,0
BRDA:46,4,1,0
BRDA:67,5,0,0
BRDA:67,5,1,0
BRDA:89,6,0,0
BRDA:89,6,1,0
BRF:15
BRH:6
end_of_record
TN:
SF:dist\middleware\async-middleware.js
FN:5,(anonymous_0)
FN:6,(anonymous_1)
FN:7,(anonymous_2)
FNF:3
FNH:2
FNDA:19,(anonymous_0)
FNDA:2,(anonymous_1)
FNDA:0,(anonymous_2)
DA:2,1
DA:3,1
DA:4,1
DA:5,1
DA:6,19
DA:7,2
DA:8,0
DA:12,1
LF:8
LH:7
BRF:0
BRH:0
end_of_record
TN:
SF:dist\middleware\auth-middleware.js
FN:2,(anonymous_0)
FN:11,(anonymous_1)
FNF:2
FNH:1
FNDA:2,(anonymous_0)
FNDA:0,(anonymous_1)
DA:2,1
DA:3,2
DA:5,1
DA:6,1
DA:7,1
DA:8,1
DA:9,1
DA:10,1
DA:11,1
DA:12,0
DA:13,0
DA:14,0
DA:15,0
DA:16,0
DA:17,0
DA:20,0
DA:21,0
DA:22,0
DA:23,0
DA:24,0
DA:25,0
DA:26,0
DA:27,0
DA:30,0
DA:31,0
DA:35,1
LF:26
LH:10
BRDA:2,0,0,1
BRDA:2,0,1,1
BRDA:2,0,2,1
BRDA:3,1,0,1
BRDA:3,1,1,1
BRDA:3,2,0,2
BRDA:3,2,1,2
BRDA:13,3,0,0
BRDA:13,3,1,0
BRDA:15,4,0,0
BRDA:15,4,1,0
BRF:11
BRH:7
end_of_record
TN:
SF:dist\middleware\error-middleware.js
FN:4,(anonymous_0)
FNF:1
FNH:0
FNDA:0,(anonymous_0)
DA:2,1
DA:3,1
DA:4,1
DA:5,0
DA:11,1
LF:5
LH:4
BRF:0
BRH:0
end_of_record
TN:
SF:dist\middleware\errorNOTfound.js
FN:2,(anonymous_0)
FN:10,(anonymous_1)
FN:15,(anonymous_2)
FNF:3
FNH:1
FNDA:1,(anonymous_0)
FNDA:0,(anonymous_1)
FNDA:0,(anonymous_2)
DA:2,1
DA:3,1
DA:5,1
DA:6,1
DA:7,1
DA:8,1
DA:9,1
DA:10,1
DA:11,0
DA:12,0
DA:13,0
DA:15,1
DA:16,0
DA:17,0
DA:24,0
DA:30,1
LF:16
LH:10
BRDA:2,0,0,1
BRDA:2,0,1,1
BRDA:2,0,2,1
BRDA:3,1,0,1
BRDA:3,1,1,0
BRDA:3,2,0,1
BRDA:3,2,1,1
BRDA:16,3,0,0
BRDA:16,3,1,0
BRF:9
BRH:6
end_of_record
TN:
SF:dist\models\bannersModel.js
FN:2,(anonymous_0)
FN:27,insertBanners
FNF:2
FNH:1
FNDA:1,(anonymous_0)
FNDA:0,insertBanners
DA:2,1
DA:3,1
DA:5,1
DA:6,1
DA:7,1
DA:8,1
DA:25,1
DA:26,1
DA:28,0
DA:110,0
DA:111,0
DA:112,0
DA:115,0
DA:118,1
LF:14
LH:9
BRDA:2,0,0,1
BRDA:2,0,1,1
BRDA:2,0,2,1
BRDA:3,1,0,0
BRDA:3,1,1,1
BRDA:3,2,0,1
BRDA:3,2,1,1
BRF:7
BRH:6
end_of_record
TN:
SF:dist\routes\bannersImage-route.js
FN:2,(anonymous_0)
FNF:1
FNH:1
FNDA:1,(anonymous_0)
DA:2,1
DA:3,1
DA:5,1
DA:6,1
DA:7,1
DA:8,1
DA:9,1
DA:10,1
DA:11,1
DA:12,1
DA:13,1
DA:14,1
DA:15,1
DA:16,1
DA:17,1
DA:18,1
LF:16
LH:16
BRDA:2,0,0,1
BRDA:2,0,1,1
BRDA:2,0,2,1
BRDA:3,1,0,0
BRDA:3,1,1,1
BRDA:3,2,0,1
BRDA:3,2,1,1
BRF:7
BRH:6
end_of_record
TN:
SF:dist\routes\productRoutes.js
FN:2,(anonymous_0)
FNF:1
FNH:1
FNDA:2,(anonymous_0)
DA:2,1
DA:3,2
DA:5,1
DA:6,1
DA:7,1
DA:8,1
DA:9,1
DA:10,1
DA:11,1
DA:12,1
DA:13,1
DA:14,1
LF:12
LH:12
BRDA:2,0,0,1
BRDA:2,0,1,1
BRDA:2,0,2,1
BRDA:3,1,0,1
BRDA:3,1,1,1
BRDA:3,2,0,2
BRDA:3,2,1,2
BRF:7
BRH:7
end_of_record
TN:
SF:dist\routes\upLoad.js
FN:2,(anonymous_0)
FN:13,(anonymous_1)
FN:23,(anonymous_2)
FN:25,(anonymous_3)
FNF:4
FNH:1
FNDA:3,(anonymous_0)
FNDA:0,(anonymous_1)
FNDA:0,(anonymous_2)
FNDA:0,(anonymous_3)
DA:2,1
DA:3,3
DA:5,1
DA:6,1
DA:7,1
DA:8,1
DA:9,1
DA:10,1
DA:11,1
DA:14,0
DA:15,0
DA:16,0
DA:19,1
DA:23,1
DA:24,0
DA:25,0
DA:26,0
DA:27,0
DA:30,0
DA:32,0
DA:36,1
LF:21
LH:12
BRDA:2,0,0,1
BRDA:2,0,1,1
BRDA:2,0,2,1
BRDA:3,1,0,0
BRDA:3,1,1,3
BRDA:3,2,0,3
BRDA:3,2,1,3
BRDA:26,3,0,0
BRDA:26,3,1,0
BRF:9
BRH:6
end_of_record
TN:
SF:dist\routes\user-route.js
FN:2,(anonymous_0)
FNF:1
FNH:1
FNDA:2,(anonymous_0)
DA:2,1
DA:3,2
DA:5,1
DA:6,1
DA:7,1
DA:8,1
DA:9,1
DA:10,1
DA:11,1
DA:12,1
DA:13,1
DA:14,1
DA:15,1
LF:13
LH:13
BRDA:2,0,0,1
BRDA:2,0,1,1
BRDA:2,0,2,1
BRDA:3,1,0,1
BRDA:3,1,1,1
BRDA:3,2,0,2
BRDA:3,2,1,2
BRF:7
BRH:7
end_of_record
TN:
SF:dist\services\bannersImage-service.js
FN:2,(anonymous_0)
FN:10,(anonymous_1)
FN:17,(anonymous_2)
FN:24,(anonymous_3)
FN:31,(anonymous_4)
FN:38,(anonymous_5)
FN:45,(anonymous_6)
FN:49,(anonymous_7)
FN:56,(anonymous_8)
FN:64,(anonymous_9)
FN:65,(anonymous_10)
FNF:11
FNH:3
FNDA:1,(anonymous_0)
FNDA:0,(anonymous_1)
FNDA:1,(anonymous_2)
FNDA:0,(anonymous_3)
FNDA:1,(anonymous_4)
FNDA:0,(anonymous_5)
FNDA:0,(anonymous_6)
FNDA:0,(anonymous_7)
FNDA:0,(anonymous_8)
FNDA:0,(anonymous_9)
FNDA:0,(anonymous_10)
DA:2,1
DA:3,1
DA:5,1
DA:6,1
DA:7,1
DA:8,1
DA:9,1
DA:10,1
DA:11,0
DA:12,0
DA:13,0
DA:14,0
DA:16,1
DA:17,1
DA:18,1
DA:19,0
DA:20,0
DA:21,0
DA:23,1
DA:24,1
DA:25,0
DA:26,0
DA:27,0
DA:28,0
DA:30,1
DA:31,1
DA:32,1
DA:33,0
DA:34,0
DA:35,0
DA:37,1
DA:38,1
DA:39,0
DA:40,0
DA:41,0
DA:42,0
DA:44,1
DA:45,1
DA:46,0
DA:48,1
DA:49,1
DA:50,0
DA:51,0
DA:52,0
DA:53,0
DA:55,1
DA:56,1
DA:57,0
DA:58,0
DA:59,0
DA:60,0
DA:61,0
DA:62,0
DA:63,0
DA:64,0
DA:65,0
DA:66,0
DA:69,0
DA:70,0
DA:71,0
DA:72,0
DA:76,1
LF:62
LH:25
BRDA:2,0,0,1
BRDA:2,0,1,1
BRDA:2,0,2,1
BRDA:3,1,0,1
BRDA:3,1,1,0
BRDA:3,2,0,1
BRDA:3,2,1,1
BRDA:12,3,0,0
BRDA:12,3,1,0
BRDA:19,4,0,0
BRDA:19,4,1,0
BRDA:26,5,0,0
BRDA:26,5,1,0
BRDA:33,6,0,0
BRDA:33,6,1,0
BRDA:40,7,0,0
BRDA:40,7,1,0
BRDA:51,8,0,0
BRDA:51,8,1,0
BRDA:57,9,0,0
BRDA:57,9,1,0
BRDA:57,10,0,0
BRDA:57,10,1,0
BRDA:60,11,0,0
BRDA:60,11,1,0
BRDA:62,12,0,0
BRDA:62,12,1,0
BRDA:64,13,0,0
BRDA:64,13,1,0
BRDA:70,14,0,0
BRDA:70,14,1,0
BRF:31
BRH:6
end_of_record
TN:
SF:dist\services\productService.js
FN:2,(anonymous_0)
FN:9,(anonymous_1)
FN:12,(anonymous_2)
FN:15,(anonymous_3)
FN:18,(anonymous_4)
FN:21,(anonymous_5)
FN:24,(anonymous_6)
FN:28,(anonymous_7)
FN:31,(anonymous_8)
FN:35,(anonymous_9)
FN:38,(anonymous_10)
FN:42,(anonymous_11)
FN:45,(anonymous_12)
FN:58,(anonymous_13)
FNF:14
FNH:1
FNDA:2,(anonymous_0)
FNDA:0,(anonymous_1)
FNDA:0,(anonymous_2)
FNDA:0,(anonymous_3)
FNDA:0,(anonymous_4)
FNDA:0,(anonymous_5)
FNDA:0,(anonymous_6)
FNDA:0,(anonymous_7)
FNDA:0,(anonymous_8)
FNDA:0,(anonymous_9)
FNDA:0,(anonymous_10)
FNDA:0,(anonymous_11)
FNDA:0,(anonymous_12)
FNDA:0,(anonymous_13)
DA:2,1
DA:3,2
DA:5,1
DA:6,1
DA:7,1
DA:8,1
DA:9,1
DA:10,0
DA:12,1
DA:13,0
DA:15,1
DA:16,0
DA:18,1
DA:19,0
DA:21,1
DA:22,0
DA:24,1
DA:25,0
DA:26,0
DA:27,0
DA:28,0
DA:29,0
DA:31,1
DA:32,0
DA:33,0
DA:34,0
DA:35,0
DA:36,0
DA:38,1
DA:39,0
DA:40,0
DA:41,0
DA:42,0
DA:43,0
DA:45,1
DA:46,0
DA:47,0
DA:48,0
DA:49,0
DA:50,0
DA:51,0
DA:52,0
DA:53,0
DA:56,0
DA:58,1
DA:59,0
DA:60,0
DA:61,0
DA:62,0
DA:64,1
LF:50
LH:17
BRDA:2,0,0,1
BRDA:2,0,1,1
BRDA:2,0,2,1
BRDA:3,1,0,2
BRDA:3,1,1,0
BRDA:3,2,0,2
BRDA:3,2,1,2
BRDA:26,3,0,0
BRDA:26,3,1,0
BRDA:33,4,0,0
BRDA:33,4,1,0
BRDA:40,5,0,0
BRDA:40,5,1,0
BRDA:47,6,0,0
BRDA:47,6,1,0
BRDA:60,7,0,0
BRDA:60,7,1,0
BRF:17
BRH:6
end_of_record
TN:
SF:dist\services\user-service.js
FN:2,(anonymous_0)
FN:11,(anonymous_1)
FN:20,(anonymous_2)
FN:34,(anonymous_3)
FN:40,(anonymous_4)
FNF:5
FNH:1
FNDA:2,(anonymous_0)
FNDA:0,(anonymous_1)
FNDA:0,(anonymous_2)
FNDA:0,(anonymous_3)
FNDA:0,(anonymous_4)
DA:2,1
DA:3,2
DA:5,1
DA:6,1
DA:7,1
DA:8,1
DA:9,1
DA:10,1
DA:11,1
DA:12,0
DA:13,0
DA:14,0
DA:15,0
DA:16,0
DA:17,0
DA:18,0
DA:20,1
DA:21,0
DA:22,0
DA:23,0
DA:24,0
DA:25,0
DA:26,0
DA:27,0
DA:28,0
DA:29,0
DA:30,0
DA:31,0
DA:32,0
DA:34,1
DA:35,0
DA:36,0
DA:37,0
DA:38,0
DA:40,1
DA:41,0
DA:42,0
DA:43,0
DA:44,0
DA:46,1
LF:40
LH:13
BRDA:2,0,0,1
BRDA:2,0,1,1
BRDA:2,0,2,1
BRDA:3,1,0,2
BRDA:3,1,1,0
BRDA:3,2,0,2
BRDA:3,2,1,2
BRDA:13,3,0,0
BRDA:13,3,1,0
BRDA:16,4,0,0
BRDA:16,4,1,0
BRDA:24,5,0,0
BRDA:24,5,1,0
BRDA:30,6,0,0
BRDA:30,6,1,0
BRDA:36,7,0,0
BRDA:36,7,1,0
BRDA:42,8,0,0
BRDA:42,8,1,0
BRF:19
BRH:6
end_of_record
TN:
SF:dist\utils\ApiError.js
FN:8,(anonymous_0)
FNF:1
FNH:0
FNDA:0,(anonymous_0)
DA:2,1
DA:3,1
DA:9,0
DA:10,0
DA:11,0
DA:14,1
LF:6
LH:3
BRF:0
BRH:0
end_of_record
TN:
SF:dist\utils\ApiSucess.js
FN:8,(anonymous_0)
FNF:1
FNH:0
FNDA:0,(anonymous_0)
DA:2,1
DA:3,1
DA:9,0
DA:10,0
DA:11,0
DA:12,0
DA:16,1
LF:7
LH:3
BRDA:11,0,0,0
BRDA:11,0,1,0
BRF:2
BRH:0
end_of_record
TN:
SF:dist\utils\StatusCodes.js
FNF:0
FNH:0
DA:2,1
DA:3,1
DA:28,1
LF:3
LH:3
BRF:0
BRH:0
end_of_record
TN:
SF:dist\utils\encryptionUtils.js
FN:2,(anonymous_0)
FN:8,(anonymous_1)
FN:13,(anonymous_2)
FNF:3
FNH:1
FNDA:1,(anonymous_0)
FNDA:0,(anonymous_1)
FNDA:0,(anonymous_2)
DA:2,1
DA:3,1
DA:5,1
DA:6,1
DA:7,1
DA:8,1
DA:9,0
DA:10,0
DA:12,1
DA:13,1
DA:14,0
DA:16,1
LF:12
LH:9
BRDA:2,0,0,1
BRDA:2,0,1,1
BRDA:2,0,2,1
BRDA:3,1,0,0
BRDA:3,1,1,1
BRDA:3,2,0,1
BRDA:3,2,1,1
BRF:7
BRH:6
end_of_record
TN:
SF:dist\utils\jwtUtils.js
FN:2,(anonymous_0)
FN:7,(anonymous_1)
FNF:2
FNH:1
FNDA:1,(anonymous_0)
FNDA:0,(anonymous_1)
DA:2,1
DA:3,1
DA:5,1
DA:6,1
DA:7,1
DA:8,0
DA:9,0
DA:10,0
DA:13,0
DA:19,0
DA:26,1
LF:11
LH:6
BRDA:2,0,0,1
BRDA:2,0,1,1
BRDA:2,0,2,1
BRDA:3,1,0,0
BRDA:3,1,1,1
BRDA:3,2,0,1
BRDA:3,2,1,1
BRDA:8,3,0,0
BRDA:8,3,1,0
BRF:9
BRH:6
end_of_record
TN:
SF:dist\utils\validations\userValidation.js
FN:2,(anonymous_0)
FN:8,(anonymous_1)
FN:32,(anonymous_2)
FNF:3
FNH:1
FNDA:1,(anonymous_0)
FNDA:0,(anonymous_1)
FNDA:0,(anonymous_2)
DA:2,1
DA:3,1
DA:5,1
DA:6,1
DA:7,1
DA:8,1
DA:9,0
DA:29,0
DA:31,1
DA:32,1
DA:33,0
DA:49,0
DA:51,1
LF:13
LH:9
BRDA:2,0,0,1
BRDA:2,0,1,1
BRDA:2,0,2,1
BRDA:3,1,0,0
BRDA:3,1,1,1
BRDA:3,2,0,1
BRDA:3,2,1,1
BRF:7
BRH:6
end_of_record
